Log file open, 07/24/18 22:43:38
LogWindows: Failed to load 'aqProf.dll' (GetLastError=126)
LogWindows: File 'aqProf.dll' does not exist
LogWindows: Failed to load 'VtuneApi.dll' (GetLastError=126)
LogWindows: File 'VtuneApi.dll' does not exist
LogWindows: Failed to load 'VtuneApi32e.dll' (GetLastError=126)
LogWindows: File 'VtuneApi32e.dll' does not exist
LogInit: Display: Running engine for game: SideScrollerWithMatt
LogPlatformFile: Not using cached read wrapper
LogInit: Display: RandInit(-1063945492) SRandInit(-1063945492).
LogInit: Read version file with build ID '3944462'
LogInit: Overriding engine version to CL 4033788, compatible CL 3944462
LogInit: Registered custom module enumerator with build ID '3944462'
LogTaskGraph: Started task graph with 5 named threads and 14 total threads with 3 sets of task threads.
LogStats: Stats thread started at 3.223333
LogD3D11RHI: Aftermath initialized
LogICUInternationalization: Display: ICU TimeZone Detection - Raw Offset: -8:00, Platform Override: ''
LogModuleManager: Display: Found up-to-date module file ../../../Engine/Plugins/2D/Paper2D/Binaries/Win64/UE4Editor-Paper2D.dll (API version 3944462).
LogModuleManager: Display: Found up-to-date module file ../../../Engine/Plugins/2D/Paper2D/Binaries/Win64/UE4Editor-Paper2DEditor.dll (API version 3944462).
LogModuleManager: Display: Found up-to-date module file ../../../Engine/Plugins/2D/Paper2D/Binaries/Win64/UE4Editor-PaperSpriteSheetImporter.dll (API version 3944462).
LogModuleManager: Display: Found up-to-date module file ../../../Engine/Plugins/2D/Paper2D/Binaries/Win64/UE4Editor-PaperTiledImporter.dll (API version 3944462).
LogModuleManager: Display: Found up-to-date module file ../../../Engine/Plugins/2D/Paper2D/Binaries/Win64/UE4Editor-SmartSnapping.dll (API version 3944462).
LogModuleManager: Display: Found up-to-date module file ../../../Engine/Plugins/Blendables/LightPropagationVolume/Binaries/Win64/UE4Editor-LightPropagationVolumeRuntime.dll (API version 3944462).
LogModuleManager: Display: Found up-to-date module file ../../../Engine/Plugins/Blendables/LightPropagationVolume/Binaries/Win64/UE4Editor-LightPropagationVolumeEditor.dll (API version 3944462).
LogModuleManager: Display: Found up-to-date module file ../../../Engine/Plugins/Developer/CLionSourceCodeAccess/Binaries/Win64/UE4Editor-CLionSourceCodeAccess.dll (API version 3944462).
LogModuleManager: Display: Found up-to-date module file ../../../Engine/Plugins/Developer/GitSourceControl/Binaries/Win64/UE4Editor-GitSourceControl.dll (API version 3944462).
LogModuleManager: Display: Found up-to-date module file ../../../Engine/Plugins/Developer/PerforceSourceControl/Binaries/Win64/UE4Editor-PerforceSourceControl.dll (API version 3944462).
LogModuleManager: Display: Found up-to-date module file ../../../Engine/Plugins/Developer/SubversionSourceControl/Binaries/Win64/UE4Editor-SubversionSourceControl.dll (API version 3944462).
LogModuleManager: Display: Found up-to-date module file ../../../Engine/Plugins/Developer/UObjectPlugin/Binaries/Win64/UE4Editor-UObjectPlugin.dll (API version 3944462).
LogModuleManager: Display: Found up-to-date module file ../../../Engine/Plugins/Developer/VisualStudioCodeSourceCodeAccess/Binaries/Win64/UE4Editor-VisualStudioCodeSourceCodeAccess.dll (API version 3944462).
LogModuleManager: Display: Found up-to-date module file ../../../Engine/Plugins/Developer/VisualStudioSourceCodeAccess/Binaries/Win64/UE4Editor-VisualStudioSourceCodeAccess.dll (API version 3944462).
LogModuleManager: Display: Found up-to-date module file ../../../Engine/Plugins/Editor/AssetManagerEditor/Binaries/Win64/UE4Editor-AssetManagerEditor.dll (API version 3944462).
LogModuleManager: Display: Found up-to-date module file ../../../Engine/Plugins/Editor/CryptoKeys/Binaries/Win64/UE4Editor-CryptoKeys.dll (API version 3944462).
LogModuleManager: Display: Found up-to-date module file ../../../Engine/Plugins/Editor/CryptoKeys/Binaries/Win64/UE4Editor-CryptoKeysOpenSSL.dll (API version 3944462).
LogModuleManager: Display: Found up-to-date module file ../../../Engine/Plugins/Editor/DataValidation/Binaries/Win64/UE4Editor-DataValidation.dll (API version 3944462).
LogModuleManager: Display: Found up-to-date module file ../../../Engine/Plugins/Editor/FacialAnimation/Binaries/Win64/UE4Editor-FacialAnimation.dll (API version 3944462).
LogModuleManager: Display: Found up-to-date module file ../../../Engine/Plugins/Editor/FacialAnimation/Binaries/Win64/UE4Editor-FacialAnimationEditor.dll (API version 3944462).
LogModuleManager: Display: Found up-to-date module file ../../../Engine/Plugins/Editor/GameplayTagsEditor/Binaries/Win64/UE4Editor-GameplayTagsEditor.dll (API version 3944462).
LogModuleManager: Display: Found up-to-date module file ../../../Engine/Plugins/Editor/MobileLauncherProfileWizard/Binaries/Win64/UE4Editor-MobileLauncherProfileWizard.dll (API version 3944462).
LogModuleManager: Display: Found up-to-date module file ../../../Engine/Plugins/Editor/PluginBrowser/Binaries/Win64/UE4Editor-PluginBrowser.dll (API version 3944462).
LogModuleManager: Display: Found up-to-date module file ../../../Engine/Plugins/Editor/SpeedTreeImporter/Binaries/Win64/UE4Editor-SpeedTreeImporter.dll (API version 3944462).
LogModuleManager: Display: Found up-to-date module file ../../../Engine/Plugins/Enterprise/DatasmithContent/Binaries/Win64/UE4Editor-DatasmithContent.dll (API version 3944462).
LogModuleManager: Display: Found up-to-date module file ../../../Engine/Plugins/Experimental/AlembicImporter/Binaries/Win64/UE4Editor-AlembicImporter.dll (API version 3944462).
LogModuleManager: Display: Found up-to-date module file ../../../Engine/Plugins/Experimental/AlembicImporter/Binaries/Win64/UE4Editor-AlembicLibrary.dll (API version 3944462).
LogModuleManager: Display: Found up-to-date module file ../../../Engine/Plugins/Experimental/CharacterAI/Binaries/Win64/UE4Editor-CharacterAI.dll (API version 3944462).
LogModuleManager: Display: Found up-to-date module file ../../../Engine/Plugins/Experimental/HTML5Networking/Binaries/Win64/UE4Editor-HTML5Networking.dll (API version 3944462).
LogModuleManager: Display: Found up-to-date module file ../../../Engine/Plugins/Media/AndroidMedia/Binaries/Win64/UE4Editor-AndroidMediaEditor.dll (API version 3944462).
LogModuleManager: Display: Found up-to-date module file ../../../Engine/Plugins/Media/AndroidMedia/Binaries/Win64/UE4Editor-AndroidMediaFactory.dll (API version 3944462).
LogModuleManager: Display: Found up-to-date module file ../../../Engine/Plugins/Media/AvfMedia/Binaries/Win64/UE4Editor-AvfMediaEditor.dll (API version 3944462).
LogModuleManager: Display: Found up-to-date module file ../../../Engine/Plugins/Media/AvfMedia/Binaries/Win64/UE4Editor-AvfMediaFactory.dll (API version 3944462).
LogModuleManager: Display: Found up-to-date module file ../../../Engine/Plugins/Media/AvfMedia/Binaries/Win64/UE4Editor-AvfMediaFactory.dll (API version 3944462).
LogModuleManager: Display: Found up-to-date module file ../../../Engine/Plugins/Media/ImgMedia/Binaries/Win64/UE4Editor-ImgMedia.dll (API version 3944462).
LogModuleManager: Display: Found up-to-date module file ../../../Engine/Plugins/Media/ImgMedia/Binaries/Win64/UE4Editor-ImgMediaEditor.dll (API version 3944462).
LogModuleManager: Display: Found up-to-date module file ../../../Engine/Plugins/Media/ImgMedia/Binaries/Win64/UE4Editor-ImgMediaFactory.dll (API version 3944462).
LogModuleManager: Display: Found up-to-date module file ../../../Engine/Plugins/Media/ImgMedia/Binaries/Win64/UE4Editor-ImgMediaFactory.dll (API version 3944462).
LogModuleManager: Display: Found up-to-date module file ../../../Engine/Plugins/Media/ImgMedia/Binaries/Win64/UE4Editor-OpenExrWrapper.dll (API version 3944462).
LogModuleManager: Display: Found up-to-date module file ../../../Engine/Plugins/Media/LinearTimecode/Binaries/Win64/UE4Editor-LinearTimecode.dll (API version 3944462).
LogModuleManager: Display: Found up-to-date module file ../../../Engine/Plugins/Media/MediaCompositing/Binaries/Win64/UE4Editor-MediaCompositing.dll (API version 3944462).
LogModuleManager: Display: Found up-to-date module file ../../../Engine/Plugins/Media/MediaCompositing/Binaries/Win64/UE4Editor-MediaCompositingEditor.dll (API version 3944462).
LogModuleManager: Display: Found up-to-date module file ../../../Engine/Plugins/Media/MediaPlayerEditor/Binaries/Win64/UE4Editor-MediaPlayerEditor.dll (API version 3944462).
LogModuleManager: Display: Found up-to-date module file ../../../Engine/Plugins/Media/WmfMedia/Binaries/Win64/UE4Editor-WmfMedia.dll (API version 3944462).
LogModuleManager: Display: Found up-to-date module file ../../../Engine/Plugins/Media/WmfMedia/Binaries/Win64/UE4Editor-WmfMediaEditor.dll (API version 3944462).
LogModuleManager: Display: Found up-to-date module file ../../../Engine/Plugins/Media/WmfMedia/Binaries/Win64/UE4Editor-WmfMediaFactory.dll (API version 3944462).
LogModuleManager: Display: Found up-to-date module file ../../../Engine/Plugins/Media/WmfMedia/Binaries/Win64/UE4Editor-WmfMediaFactory.dll (API version 3944462).
LogModuleManager: Display: Found up-to-date module file ../../../Engine/Plugins/Messaging/TcpMessaging/Binaries/Win64/UE4Editor-TcpMessaging.dll (API version 3944462).
LogModuleManager: Display: Found up-to-date module file ../../../Engine/Plugins/Messaging/UdpMessaging/Binaries/Win64/UE4Editor-UdpMessaging.dll (API version 3944462).
LogModuleManager: Display: Found up-to-date module file ../../../Engine/Plugins/MovieScene/ActorSequence/Binaries/Win64/UE4Editor-ActorSequence.dll (API version 3944462).
LogModuleManager: Display: Found up-to-date module file ../../../Engine/Plugins/MovieScene/LevelSequenceEditor/Binaries/Win64/UE4Editor-LevelSequenceEditor.dll (API version 3944462).
LogModuleManager: Display: Found up-to-date module file ../../../Engine/Plugins/MovieScene/MatineeToLevelSequence/Binaries/Win64/UE4Editor-MatineeToLevelSequence.dll (API version 3944462).
LogModuleManager: Display: Found up-to-date module file ../../../Engine/Plugins/NetcodeUnitTest/NetcodeUnitTest/Binaries/Win64/UE4Editor-NetcodeUnitTest.dll (API version 3944462).
LogModuleManager: Display: Found up-to-date module file ../../../Engine/Plugins/NetcodeUnitTest/NUTUnrealEngine4/Binaries/Win64/UE4Editor-NUTUnrealEngine4.dll (API version 3944462).
LogModuleManager: Display: Found up-to-date module file ../../../Engine/Plugins/Online/OnlineSubsystem/Binaries/Win64/UE4Editor-OnlineSubsystem.dll (API version 3944462).
LogModuleManager: Display: Found up-to-date module file ../../../Engine/Plugins/Runtime/AndroidPermission/Binaries/Win64/UE4Editor-AndroidPermission.dll (API version 3944462).
LogModuleManager: Display: Found up-to-date module file ../../../Engine/Plugins/Online/OnlineSubsystemNull/Binaries/Win64/UE4Editor-OnlineSubsystemNull.dll (API version 3944462).
LogModuleManager: Display: Found up-to-date module file ../../../Engine/Plugins/Online/OnlineSubsystemUtils/Binaries/Win64/UE4Editor-OnlineSubsystemUtils.dll (API version 3944462).
LogModuleManager: Display: Found up-to-date module file ../../../Engine/Plugins/Online/OnlineSubsystemUtils/Binaries/Win64/UE4Editor-OnlineBlueprintSupport.dll (API version 3944462).
LogModuleManager: Display: Found up-to-date module file ../../../Engine/Plugins/Runtime/AndroidDeviceProfileSelector/Binaries/Win64/UE4Editor-AndroidDeviceProfileSelector.dll (API version 3944462).
LogModuleManager: Display: Found up-to-date module file ../../../Engine/Plugins/Runtime/AppleARKit/Binaries/Win64/UE4Editor-AppleARKit.dll (API version 3944462).
LogModuleManager: Display: Found up-to-date module file ../../../Engine/Plugins/Runtime/ProceduralMeshComponent/Binaries/Win64/UE4Editor-ProceduralMeshComponent.dll (API version 3944462).
LogModuleManager: Display: Found up-to-date module file ../../../Engine/Plugins/Runtime/ProceduralMeshComponent/Binaries/Win64/UE4Editor-ProceduralMeshComponentEditor.dll (API version 3944462).
LogModuleManager: Display: Found up-to-date module file ../../../Engine/Plugins/Animation/LiveLink/Binaries/Win64/UE4Editor-LiveLink.dll (API version 3944462).
LogModuleManager: Display: Found up-to-date module file ../../../Engine/Plugins/Animation/LiveLink/Binaries/Win64/UE4Editor-LiveLinkEditor.dll (API version 3944462).
LogModuleManager: Display: Found up-to-date module file ../../../Engine/Plugins/Runtime/ArchVisCharacter/Binaries/Win64/UE4Editor-ArchVisCharacter.dll (API version 3944462).
LogModuleManager: Display: Found up-to-date module file ../../../Engine/Plugins/Runtime/AudioCapture/Binaries/Win64/UE4Editor-AudioCapture.dll (API version 3944462).
LogModuleManager: Display: Found up-to-date module file ../../../Engine/Plugins/Runtime/AudioCapture/Binaries/Win64/UE4Editor-AudioCaptureEditor.dll (API version 3944462).
LogModuleManager: Display: Found up-to-date module file ../../../Engine/Plugins/Runtime/CableComponent/Binaries/Win64/UE4Editor-CableComponent.dll (API version 3944462).
LogModuleManager: Display: Found up-to-date module file ../../../Engine/Plugins/Runtime/CustomMeshComponent/Binaries/Win64/UE4Editor-CustomMeshComponent.dll (API version 3944462).
LogModuleManager: Display: Found up-to-date module file ../../../Engine/Plugins/Runtime/ExampleDeviceProfileSelector/Binaries/Win64/UE4Editor-ExampleDeviceProfileSelector.dll (API version 3944462).
LogModuleManager: Display: Found up-to-date module file ../../../Engine/Plugins/Runtime/ImmediatePhysics/Binaries/Win64/UE4Editor-ImmediatePhysics.dll (API version 3944462).
LogModuleManager: Display: Found up-to-date module file ../../../Engine/Plugins/Runtime/ImmediatePhysics/Binaries/Win64/UE4Editor-ImmediatePhysicsEditor.dll (API version 3944462).
LogModuleManager: Display: Found up-to-date module file ../../../Engine/Plugins/Runtime/LocationServicesBPLibrary/Binaries/Win64/UE4Editor-LocationServicesBPLibrary.dll (API version 3944462).
LogModuleManager: Display: Found up-to-date module file ../../../Engine/Plugins/Runtime/MobilePatchingUtils/Binaries/Win64/UE4Editor-MobilePatchingUtils.dll (API version 3944462).
LogModuleManager: Display: Found up-to-date module file ../../../Engine/Plugins/Runtime/Oculus/OculusVR/Binaries/Win64/UE4Editor-OculusHMD.dll (API version 3944462).
LogModuleManager: Display: Found up-to-date module file ../../../Engine/Plugins/Runtime/Oculus/OculusVR/Binaries/Win64/UE4Editor-OculusInput.dll (API version 3944462).
LogModuleManager: Display: Found up-to-date module file ../../../Engine/Plugins/Runtime/Oculus/OculusVR/Binaries/Win64/UE4Editor-OculusEditor.dll (API version 3944462).
LogModuleManager: Display: Found up-to-date module file ../../../Engine/Plugins/Runtime/PhysXVehicles/Binaries/Win64/UE4Editor-PhysXVehicles.dll (API version 3944462).
LogModuleManager: Display: Found up-to-date module file ../../../Engine/Plugins/Runtime/PhysXVehicles/Binaries/Win64/UE4Editor-PhysXVehiclesEditor.dll (API version 3944462).
LogModuleManager: Display: Found up-to-date module file ../../../Engine/Plugins/Runtime/RuntimePhysXCooking/Binaries/Win64/UE4Editor-RuntimePhysXCooking.dll (API version 3944462).
LogModuleManager: Display: Found up-to-date module file ../../../Engine/Plugins/Runtime/Steam/SteamVR/Binaries/Win64/UE4Editor-SteamVR.dll (API version 3944462).
LogModuleManager: Display: Found up-to-date module file ../../../Engine/Plugins/Runtime/Steam/SteamVR/Binaries/Win64/UE4Editor-SteamVRController.dll (API version 3944462).
LogModuleManager: Display: Found up-to-date module file ../../../Engine/Plugins/Runtime/WindowsMoviePlayer/Binaries/Win64/UE4Editor-WindowsMoviePlayer.dll (API version 3944462).
LogPluginManager: Mounting plugin Paper2D
LogPluginManager: Mounting plugin LiveLink
LogPluginManager: Mounting plugin LightPropagationVolume
LogPluginManager: Mounting plugin CLionSourceCodeAccess
LogPluginManager: Mounting plugin CodeLiteSourceCodeAccess
LogPluginManager: Mounting plugin GitSourceControl
LogPluginManager: Mounting plugin KDevelopSourceCodeAccess
LogPluginManager: Mounting plugin NullSourceCodeAccess
LogPluginManager: Mounting plugin PerforceSourceControl
LogPluginManager: Mounting plugin SubversionSourceControl
LogPluginManager: Mounting plugin UObjectPlugin
LogPluginManager: Mounting plugin VisualStudioCodeSourceCodeAccess
LogPluginManager: Mounting plugin VisualStudioSourceCodeAccess
LogPluginManager: Mounting plugin XCodeSourceCodeAccess
LogPluginManager: Mounting plugin AssetManagerEditor
LogPluginManager: Mounting plugin CryptoKeys
LogPluginManager: Mounting plugin DataValidation
LogPluginManager: Mounting plugin FacialAnimation
LogPluginManager: Mounting plugin GameplayTagsEditor
LogPluginManager: Mounting plugin MobileLauncherProfileWizard
LogPluginManager: Mounting plugin PluginBrowser
LogPluginManager: Mounting plugin SpeedTreeImporter
LogPluginManager: Mounting plugin DatasmithContent
LogPluginManager: Mounting plugin AlembicImporter
LogPluginManager: Mounting plugin CharacterAI
LogPluginManager: Mounting plugin HTML5Networking
LogPluginManager: Mounting plugin AndroidMedia
LogPluginManager: Mounting plugin AvfMedia
LogPluginManager: Mounting plugin ImgMedia
LogPluginManager: Mounting plugin LinearTimecode
LogPluginManager: Mounting plugin MediaCompositing
LogPluginManager: Mounting plugin MediaPlayerEditor
LogPluginManager: Mounting plugin WmfMedia
LogPluginManager: Mounting plugin TcpMessaging
LogPluginManager: Mounting plugin UdpMessaging
LogPluginManager: Mounting plugin ActorSequence
LogPluginManager: Mounting plugin LevelSequenceEditor
LogPluginManager: Mounting plugin MatineeToLevelSequence
LogPluginManager: Mounting plugin NetcodeUnitTest
LogPluginManager: Mounting plugin NUTUnrealEngine4
LogPluginManager: Mounting plugin OnlineSubsystemGooglePlay
LogPluginManager: Mounting plugin OnlineSubsystemIOS
LogPluginManager: Mounting plugin OnlineSubsystem
LogPluginManager: Mounting plugin OnlineSubsystemNull
LogPluginManager: Mounting plugin OnlineSubsystemUtils
LogPluginManager: Mounting plugin AndroidDeviceProfileSelector
LogPluginManager: Mounting plugin AndroidMoviePlayer
LogPluginManager: Mounting plugin AndroidPermission
LogPluginManager: Mounting plugin AppleARKit
LogPluginManager: Mounting plugin AppleMoviePlayer
LogPluginManager: Mounting plugin ArchVisCharacter
LogPluginManager: Mounting plugin AudioCapture
LogPluginManager: Mounting plugin CableComponent
LogPluginManager: Mounting plugin CustomMeshComponent
LogPluginManager: Mounting plugin ExampleDeviceProfileSelector
LogPluginManager: Mounting plugin GoogleCloudMessaging
LogPluginManager: Mounting plugin ImmediatePhysics
LogPluginManager: Mounting plugin IOSDeviceProfileSelector
LogPluginManager: Mounting plugin LinuxDeviceProfileSelector
LogPluginManager: Mounting plugin LocationServicesBPLibrary
LogPluginManager: Mounting plugin MobilePatchingUtils
LogPluginManager: Mounting plugin OculusVR
LogPluginManager: Plugin shader directory ../../../Engine/Plugins/Runtime/Oculus/OculusVR/Shaders found
LogPluginManager: Mapping shader source directory ../../../Engine/Plugins/Runtime/Oculus/OculusVR/Shaders to virtual directory /Plugin/OculusVR
LogPluginManager: Mounting plugin PhysXVehicles
LogPluginManager: Mounting plugin ProceduralMeshComponent
LogPluginManager: Mounting plugin RuntimePhysXCooking
LogPluginManager: Mounting plugin SteamVR
LogPluginManager: Mounting plugin WindowsMoviePlayer
LogStreaming: Display: Took  5.062s to configure plugins.
LogInit: Using libcurl 7.47.1
LogInit:  - built for x86_64-pc-win32
LogInit:  - supports SSL with OpenSSL/1.0.2g
LogInit:  - supports HTTP deflate (compression) using libz 1.2.8
LogInit:  - other features:
LogInit:      CURL_VERSION_SSL
LogInit:      CURL_VERSION_LIBZ
LogInit:      CURL_VERSION_IPV6
LogInit:      CURL_VERSION_ASYNCHDNS
LogInit:      CURL_VERSION_LARGEFILE
LogInit:      CURL_VERSION_IDN
LogInit:  CurlRequestOptions (configurable via config and command line):
LogInit:  - bVerifyPeer = false  - Libcurl will NOT verify peer certificate
LogInit:  - bUseHttpProxy = false  - Libcurl will NOT use HTTP proxy
LogInit:  - bDontReuseConnections = false  - Libcurl will reuse connections
LogInit:  - CertBundlePath = nullptr  - Libcurl will use whatever was configured at build time.
LogInit:  - MaxHostConnections = 16  - Libcurl will limit the number of connections to a host
LogInit:  - LocalHostAddr = Default
LogInit: WinSock: version 1.1 (2.2), MaxSocks=32767, MaxUdp=65467
LogInit: WinSock: I am DESKTOP-8IQ2FAD (10.0.0.140:0)
LogInit: Build: ++UE4+Release-4.19-CL-4033788
LogInit: Engine Version: 4.19.2-4033788+++UE4+Release-4.19
LogInit: Compatible Engine Version: 4.19.0-3944462+++UE4+Release-4.19
LogInit: Net CL: 3944462
LogDevObjectVersion: Number of dev versions registered: 18
LogDevObjectVersion:   Dev-Blueprints (B0D832E4-1F89-4F0D-ACCF-7EB736FD4AA2): 10
LogDevObjectVersion:   Dev-Build (E1C64328-A22C-4D53-A36C-8E866417BD8C): 0
LogDevObjectVersion:   Dev-Core (375EC13C-06E4-48FB-B500-84F0262A717E): 2
LogDevObjectVersion:   Dev-Editor (E4B068ED-F494-42E9-A231-DA0B2E46BB41): 23
LogDevObjectVersion:   Dev-Framework (CFFC743F-43B0-4480-9391-14DF171D2073): 33
LogDevObjectVersion:   Dev-Mobile (B02B49B5-BB20-44E9-A304-32B752E40360): 2
LogDevObjectVersion:   Dev-Networking (A4E4105C-59A1-49B5-A7C5-40C4547EDFEE): 0
LogDevObjectVersion:   Dev-Online (39C831C9-5AE6-47DC-9A44-9C173E1C8E7C): 0
LogDevObjectVersion:   Dev-Physics (78F01B33-EBEA-4F98-B9B4-84EACCB95AA2): 0
LogDevObjectVersion:   Dev-Platform (6631380F-2D4D-43E0-8009-CF276956A95A): 0
LogDevObjectVersion:   Dev-Rendering (12F88B9F-8875-4AFC-A67C-D90C383ABD29): 25
LogDevObjectVersion:   Dev-Sequencer (7B5AE74C-D270-4C10-A958-57980B212A5A): 6
LogDevObjectVersion:   Dev-VR (D7296918-1DD6-4BDD-9DE2-64A83CC13884): 1
LogDevObjectVersion:   Dev-LoadTimes (C2A15278-BFE7-4AFE-6C17-90FF531DF755): 1
LogDevObjectVersion:   Private-Geometry (6EACA3D4-40EC-4CC1-B786-8BED09428FC5): 2
LogDevObjectVersion:   Dev-AnimPhys (29E575DD-E0A3-4627-9D10-D276232CDCEA): 16
LogDevObjectVersion:   Dev-ReflectionCapture (6B266CEC-1EC7-4B8F-A30B-E4D90942FC07): 1
LogDevObjectVersion:   Dev-Automation (0DF73D61-A23F-47EA-B727-89E90C41499A): 1
LogInit: Compiled (64-bit): Apr 27 2018 02:06:57
LogInit: Compiled with Visual C++: 19.00.24215.01
LogInit: Build Configuration: Development
LogInit: Branch Name: ++UE4+Release-4.19
LogInit: Command Line:  
LogInit: Base Directory: C:/Program Files/Epic Games/UE_4.19/Engine/Binaries/Win64/
LogInit: Installed Engine Build: 1
LogStreaming: Display: Took  0.001s to delete old logs.
LogInit: Presizing for max 8388607 objects, including 0 objects not considered by GC, pre-allocating 0 bytes for permanent pool.
LogInit: Object subsystem initialized
[2018.07.25-05.43.44:389][  0]LogInit: Selected Device Profile: [Windows]
[2018.07.25-05.43.44:389][  0]LogInit: Applying CVar settings loaded from the selected device profile: [Windows]
[2018.07.25-05.43.44:631][  0]LogInit: Computer: DESKTOP-8IQ2FAD
[2018.07.25-05.43.44:631][  0]LogInit: User: Alienware
[2018.07.25-05.43.44:631][  0]LogInit: CPU Page size=4096, Cores=4
[2018.07.25-05.43.44:631][  0]LogInit: High frequency timer resolution =2.648443 MHz
[2018.07.25-05.43.44:633][  0]LogMemory: Memory total: Physical=7.9GB (8GB approx)
[2018.07.25-05.43.44:633][  0]LogMemory: Platform Memory Stats for Windows
[2018.07.25-05.43.44:633][  0]LogMemory: Process Physical Memory: 274.96 MB used, 274.96 MB peak
[2018.07.25-05.43.44:633][  0]LogMemory: Process Virtual Memory: 264.00 MB used, 264.00 MB peak
[2018.07.25-05.43.44:633][  0]LogMemory: Physical Memory: 4050.89 MB used,  4042.06 MB free, 8092.95 MB total
[2018.07.25-05.43.44:633][  0]LogMemory: Virtual Memory: 4782.97 MB used,  4042.06 MB free, 134217728.00 MB total
[2018.07.25-05.43.45:427][  0]LogInit: Using OS detected language (en-US).
[2018.07.25-05.43.45:427][  0]LogInit: Using OS detected locale (en-US).
[2018.07.25-05.43.45:657][  0]LogTextLocalizationManager: No specific localization for 'en-US' exists, so the 'en' localization will be used.
[2018.07.25-05.43.46:339][  0]LogStreaming: Display: Took  0.910s to EndInitTextLocalization.
[2018.07.25-05.43.46:360][  0]LogInit: Setting process to per monitor DPI aware
[2018.07.25-05.43.46:943][  0]LogSlate: New Slate User Created.  User Index 0, Is Virtual User: 0
[2018.07.25-05.43.46:943][  0]LogSlate: Slate User Registered.  User Index 0, Is Virtual User: 0
[2018.07.25-05.43.52:374][  0]LogD3D11RHI: D3D11 adapters:
[2018.07.25-05.43.52:444][  0]LogD3D11RHI:    0. 'NVIDIA GeForce GTX 960' (Feature Level 11_0)
[2018.07.25-05.43.52:444][  0]LogD3D11RHI:       2016/0/4046 MB DedicatedVideo/DedicatedSystem/SharedSystem, Outputs:1, VendorId:0x10de
[2018.07.25-05.43.52:483][  0]LogD3D11RHI:    1. 'Intel(R) HD Graphics 530' (Feature Level 11_0)
[2018.07.25-05.43.52:483][  0]LogD3D11RHI:       128/0/4046 MB DedicatedVideo/DedicatedSystem/SharedSystem, Outputs:0, VendorId:0x8086
[2018.07.25-05.43.52:485][  0]LogD3D11RHI:    2. 'Microsoft Basic Render Driver' (Feature Level 11_0)
[2018.07.25-05.43.52:485][  0]LogD3D11RHI:       0/0/4046 MB DedicatedVideo/DedicatedSystem/SharedSystem, Outputs:0, VendorId:0x1414
[2018.07.25-05.43.52:485][  0]LogD3D11RHI: Chosen D3D11 Adapter: 0
[2018.07.25-05.43.52:498][  0]LogD3D11RHI: Creating new Direct3DDevice
[2018.07.25-05.43.52:498][  0]LogD3D11RHI:     GPU DeviceId: 0x1401 (for the marketing name, search the web for "GPU Device Id")
[2018.07.25-05.43.52:498][  0]LogWindows: EnumDisplayDevices:
[2018.07.25-05.43.52:498][  0]LogWindows:    0. 'NVIDIA GeForce GTX 960' (P:1 D:1)
[2018.07.25-05.43.52:498][  0]LogWindows:    1. 'NVIDIA GeForce GTX 960' (P:0 D:0)
[2018.07.25-05.43.52:498][  0]LogWindows:    2. 'NVIDIA GeForce GTX 960' (P:0 D:0)
[2018.07.25-05.43.52:498][  0]LogWindows:    3. 'NVIDIA GeForce GTX 960' (P:0 D:0)
[2018.07.25-05.43.52:498][  0]LogWindows:    4. 'Intel(R) HD Graphics 530' (P:0 D:0)
[2018.07.25-05.43.52:498][  0]LogWindows:    5. 'Intel(R) HD Graphics 530' (P:0 D:0)
[2018.07.25-05.43.52:498][  0]LogWindows:    6. 'Intel(R) HD Graphics 530' (P:0 D:0)
[2018.07.25-05.43.52:499][  0]LogWindows: DebugString: GetVideoDriverDetailsInvalid PrimaryIsNotTheChoosenAdapter GetVideoDriverDetailsInvalid PrimaryIsNotTheChoosenAdapter GetVideoDriverDetailsInvalid PrimaryIsNotTheChoosenAdapter GetVideoDriverDetailsInvalid PrimaryIsNotTheChoosenAdapter GetVideoDriverDetailsInvalid PrimaryIsNotTheChoosenAdapter GetVideoDriverDetailsInvalid PrimaryIsNotTheChoosenAdapter GetVideoDriverDetailsInvalid PrimaryIsNotTheChoosenAdapter FoundDriverCount:0 
[2018.07.25-05.43.52:499][  0]LogD3D11RHI:     Adapter Name: NVIDIA GeForce GTX 960
[2018.07.25-05.43.52:499][  0]LogD3D11RHI:   Driver Version: Unknown (internal:Unknown, unified:Unknown)
[2018.07.25-05.43.52:499][  0]LogD3D11RHI:      Driver Date: Unknown
[2018.07.25-05.43.52:499][  0]LogRHI: Texture pool is 1411 MB (70% of 2016 MB)
[2018.07.25-05.43.52:598][  0]LogD3D11RHI: [Aftermath] Aftermath enabled but failed to initialize
[2018.07.25-05.43.52:598][  0]LogD3D11RHI: [Aftermath] Aftermath enabled and primed
[2018.07.25-05.43.52:598][  0]LogD3D11RHI: Async texture creation enabled
[2018.07.25-05.43.52:843][  0]LogD3D11RHI: GPU Timing Frequency: 1000.000000 (Debug: 2 1)
[2018.07.25-05.43.53:009][  0]LogShaderCompilers: Guid format shader working directory is -40 characters bigger than the processId version (../../../../../../Users/Alienware/Documents/GitHub/DesktopLaptopShare/SideScrollerWithMatt/Intermediate/Shaders/WorkingDirectory/6400/).
[2018.07.25-05.43.53:013][  0]LogShaderCompilers: Cleaned the shader compiler working directory 'C:/Users/Alienware/AppData/Local/Temp/UnrealShaderWorkingDir/76B8AC7F4FE3CB5613619E8B4C545BE3/'.
[2018.07.25-05.43.54:799][  0]LogTemp: Display: Loaded TP AllDesktopTargetPlatform
[2018.07.25-05.43.54:813][  0]LogTemp: Display: Loaded TP MacClientTargetPlatform
[2018.07.25-05.43.54:828][  0]LogTemp: Display: Loaded TP MacNoEditorTargetPlatform
[2018.07.25-05.43.54:842][  0]LogTemp: Display: Loaded TP MacServerTargetPlatform
[2018.07.25-05.43.54:875][  0]LogTemp: Display: Loaded TP MacTargetPlatform
[2018.07.25-05.43.54:889][  0]LogTemp: Display: Loaded TP WindowsClientTargetPlatform
[2018.07.25-05.43.54:904][  0]LogTemp: Display: Loaded TP WindowsNoEditorTargetPlatform
[2018.07.25-05.43.54:918][  0]LogTemp: Display: Loaded TP WindowsServerTargetPlatform
[2018.07.25-05.43.54:952][  0]LogTemp: Display: Loaded TP WindowsTargetPlatform
[2018.07.25-05.43.54:964][  0]LogTemp: Display: Loaded TP Android_ASTCTargetPlatform
[2018.07.25-05.43.54:977][  0]LogTemp: Display: Loaded TP Android_ATCTargetPlatform
[2018.07.25-05.43.54:989][  0]LogTemp: Display: Loaded TP Android_DXTTargetPlatform
[2018.07.25-05.43.55:001][  0]LogTemp: Display: Loaded TP Android_ETC1aTargetPlatform
[2018.07.25-05.43.55:013][  0]LogTemp: Display: Loaded TP Android_ETC1TargetPlatform
[2018.07.25-05.43.55:025][  0]LogTemp: Display: Loaded TP Android_ETC2TargetPlatform
[2018.07.25-05.43.55:051][  0]LogTemp: Display: Loaded TP Android_MultiTargetPlatform
[2018.07.25-05.43.55:051][  0]LogTemp: Display: Loaded TP Android_PVRTCTargetPlatform
[2018.07.25-05.43.55:074][  0]LogTemp: Display: Loaded TP AndroidTargetPlatform
[2018.07.25-05.43.55:075][  0]LogTemp: Display: Loaded TP HTML5TargetPlatform
[2018.07.25-05.43.55:286][  0]LogTemp: Display: Loaded TP IOSTargetPlatform
[2018.07.25-05.43.55:304][  0]LogTemp: Display: Loaded TP TVOSTargetPlatform
[2018.07.25-05.43.55:318][  0]LogTemp: Display: Loaded TP LinuxClientTargetPlatform
[2018.07.25-05.43.55:330][  0]LogTemp: Display: Loaded TP LinuxNoEditorTargetPlatform
[2018.07.25-05.43.55:343][  0]LogTemp: Display: Loaded TP LinuxServerTargetPlatform
[2018.07.25-05.43.55:380][  0]LogTemp: Display: Loaded TP LinuxTargetPlatform
[2018.07.25-05.43.55:380][  0]LogTargetPlatformManager: Display: Building Assets For Windows
[2018.07.25-05.43.56:435][  0]LogXGEController: Cleaning working directory: C:/Users/Alienware/AppData/Local/Temp/UnrealXGEWorkingDir/
[2018.07.25-05.43.56:436][  0]LogXGEController: Cannot use XGE Controller as Incredibuild is not installed on this machine.
[2018.07.25-05.43.56:468][  0]LogShaderCompilers: Cannot use XGE Shader Compiler as Incredibuild is not installed on this machine.
[2018.07.25-05.43.56:468][  0]LogShaderCompilers: Display: Using Local Shader Compiler.
[2018.07.25-05.44.01:765][  0]LogDerivedDataCache: Display: Max Cache Size: 512 MB
[2018.07.25-05.44.02:302][  0]LogDerivedDataCache: Loaded boot cache 0.54s 74MB C:/Users/Alienware/AppData/Local/UnrealEngine/4.19/DerivedDataCache/Boot.ddc.
[2018.07.25-05.44.02:302][  0]LogDerivedDataCache: Display: Loaded Boot cache: C:/Users/Alienware/AppData/Local/UnrealEngine/4.19/DerivedDataCache/Boot.ddc
[2018.07.25-05.44.02:302][  0]LogDerivedDataCache: FDerivedDataBackendGraph:  Pak pak cache file ../../../../../../Users/Alienware/Documents/GitHub/DesktopLaptopShare/SideScrollerWithMatt/DerivedDataCache/DDC.ddp not found, will not use a pak cache.
[2018.07.25-05.44.02:302][  0]LogDerivedDataCache: Unable to find inner node Pak for hierarchical cache Hierarchy.
[2018.07.25-05.44.02:302][  0]LogDerivedDataCache: FDerivedDataBackendGraph:  CompressedPak pak cache file ../../../../../../Users/Alienware/Documents/GitHub/DesktopLaptopShare/SideScrollerWithMatt/DerivedDataCache/Compressed.ddp not found, will not use a pak cache.
[2018.07.25-05.44.02:302][  0]LogDerivedDataCache: Unable to find inner node CompressedPak for hierarchical cache Hierarchy.
[2018.07.25-05.44.02:383][  0]LogDerivedDataCache: Display: Pak cache opened for reading ../../../Engine/DerivedDataCache/Compressed.ddp.
[2018.07.25-05.44.02:404][  0]LogDerivedDataCache: Using Local data cache path C:/Users/Alienware/AppData/Local/UnrealEngine/Common/DerivedDataCache: Writable
[2018.07.25-05.44.02:404][  0]LogDerivedDataCache: Shared data cache path not found in *engine.ini, will not use an Shared cache.
[2018.07.25-05.44.02:404][  0]LogDerivedDataCache: Unable to find inner node Shared for hierarchical cache Hierarchy.
[2018.07.25-05.44.02:471][  0]LogMaterial: Verifying Global Shaders for PCD3D_SM5
[2018.07.25-05.44.02:504][  0]LogSlate: Using Freetype 2.6.0
[2018.07.25-05.44.02:669][  0]LogSlate: SlateFontCache - WITH_FREETYPE: 1, WITH_HARFBUZZ: 1
[2018.07.25-05.44.02:669][  0]LogSlate: SlateFontCache - WITH_FREETYPE: 1, WITH_HARFBUZZ: 1
[2018.07.25-05.44.21:780][  0]LogAssetRegistry: FAssetRegistry took 0.0745 seconds to start up
[2018.07.25-05.44.44:110][  0]LogInit: Selected Device Profile: [Windows]
[2018.07.25-05.44.49:587][  0]LogSimplygon: Simplygon DLL not present - disabling.
[2018.07.25-05.44.49:723][  0]LogMeshReduction: Using SimplygonSwarm for distributed automatic mesh merging
[2018.07.25-05.44.49:730][  0]LogMeshReduction: Using QuadricMeshReduction for automatic static mesh reduction
[2018.07.25-05.44.49:730][  0]LogMeshReduction: No automatic skeletal mesh reduction module available
[2018.07.25-05.44.49:730][  0]LogMeshReduction: No automatic mesh merging module available
[2018.07.25-05.44.49:730][  0]LogMeshMerging: No automatic mesh merging module available
[2018.07.25-05.44.52:491][  0]LogNetVersion: SideScrollerWithMatt , NetCL: 3944462, EngineNetVer: 2, GameNetVer: 0 (Checksum: 1310013577)
[2018.07.25-05.45.13:951][  0]LogPackageLocalizationCache: Processed 9 localized package path(s) for 2 prioritized culture(s) in 0.418059 seconds
[2018.07.25-05.45.14:131][  0]LogUObjectArray: 36728 objects as part of root set at end of initial load.
[2018.07.25-05.45.14:131][  0]LogUObjectAllocator: 7314304 out of 0 bytes used by permanent object pool.
[2018.07.25-05.45.14:131][  0]LogUObjectArray: CloseDisregardForGC: 0/0 objects in disregard for GC pool
[2018.07.25-05.46.18:076][  0]LogTcpMessaging: Initializing TcpMessaging bridge
[2018.07.25-05.46.18:136][  0]LogUdpMessaging: Initializing bridge on interface 0.0.0.0:0 to multicast group 230.0.0.1:6666.
[2018.07.25-05.46.19:527][  0]SourceControl: Source control is disabled
[2018.07.25-05.46.19:528][  0]SourceControl: Source control is disabled
[2018.07.25-05.46.19:642][  0]SourceControl: Source control is disabled
[2018.07.25-05.46.19:679][  0]SourceControl: Source control is disabled
[2018.07.25-05.46.21:394][  0]LogAndroidPermission: UAndroidPermissionCallbackProxy::GetInstance
[2018.07.25-05.46.21:661][  0]LogOcInput: OculusInput pre-init called
[2018.07.25-05.46.22:294][  0]LogEngine: Initializing Engine...
[2018.07.25-05.46.22:364][  0]LogHMD: Failed to initialize OpenVR with code 110
[2018.07.25-05.46.22:401][  0]LogStats: UGameplayTagsManager::ConstructGameplayTagTree: Construct from data asset -  0.000 s
[2018.07.25-05.46.22:402][  0]LogStats: UGameplayTagsManager::ConstructGameplayTagTree: GameplayTagTreeChangedEvent.Broadcast -  0.000 s
[2018.07.25-05.46.23:562][  0]LogAIModule: Creating AISystem for world Untitled
[2018.07.25-05.46.23:821][  0]LogInit: XAudio2 using 'E221-A1-4 (NVIDIA High Definition Audio)' : 2 channels at 48 kHz using 16 bits per sample (channel mask 0x3)
[2018.07.25-05.46.23:882][  0]LogInit: FAudioDevice initialized.
[2018.07.25-05.46.24:078][  0]LogDerivedDataCache: Saved boot cache 0.17s 74MB C:/Users/Alienware/AppData/Local/UnrealEngine/4.19/DerivedDataCache/Boot.ddc.
[2018.07.25-05.46.24:091][  0]LogInit: Texture streaming: Enabled
[2018.07.25-05.46.24:214][  0]LogEngineSessionManager: EngineSessionManager initialized
[2018.07.25-05.46.24:224][  0]LogEngineSessionManager: EngineSessionManager sent abnormal shutdown report. Type=AbnormalShutdown, SessionId={0B7D3B45-4369-44E9-06D4-BAB2FDBA3207}
[2018.07.25-05.46.24:427][  0]LogInit: Transaction tracking system initialized
[2018.07.25-05.46.24:753][  0]BlueprintLog: New page: Editor Load
[2018.07.25-05.46.25:846][  0]LocalizationService: Localization service is disabled
[2018.07.25-05.46.27:105][  0]LogConsoleResponse: Display: 
[2018.07.25-05.46.30:659][  0]LogFileCache: Scanning file cache for directory 'C:/Users/Alienware/Documents/GitHub/DesktopLaptopShare/SideScrollerWithMatt/Content/' took 0.03s
[2018.07.25-05.46.30:659][  0]LogCook: Display: Max memory allowance for cook 16384mb min free memory 0mb
[2018.07.25-05.46.30:667][  0]LogCook: Display: Mobile HDR setting 1
[2018.07.25-05.46.30:667][  0]LogGameplayTags: Display: UGameplayTagsManager::DoneAddingNativeTags. DelegateIsBound: 0
[2018.07.25-05.46.30:667][  0]LogStats: UGameplayTagsManager::ConstructGameplayTagTree: Construct from data asset -  0.000 s
[2018.07.25-05.46.30:667][  0]LogStats: UGameplayTagsManager::ConstructGameplayTagTree: GameplayTagTreeChangedEvent.Broadcast -  0.000 s
[2018.07.25-05.46.33:509][  0]SourceControl: Source control is disabled
[2018.07.25-05.46.33:551][  0]LightingResults: New page: Lighting Build
[2018.07.25-05.46.33:756][  0]MapCheck: New page: Map Check
[2018.07.25-05.46.33:756][  0]LightingResults: New page: Lighting Build
[2018.07.25-05.46.34:627][  0]LogUObjectGlobals: Created PersistentFrame Addr=0x0000025b312fa840, Size=64, Default__ThirdPerson_AnimBP_C Function /Game/Mannequin/Animations/ThirdPerson_AnimBP.ThirdPerson_AnimBP_C:ExecuteUbergraph_ThirdPerson_AnimBP
[2018.07.25-05.46.34:899][  0]LogUObjectGlobals: Destroyed PersistentFrame Addr=0x0000025b312fa840, Size=64
[2018.07.25-05.46.34:899][  0]LogUObjectGlobals: Created PersistentFrame Addr=0x0000025b312fa900, Size=64, Default__ThirdPerson_AnimBP_C Function /Engine/Transient.REINST_ThirdPerson_AnimBP_C_0:ExecuteUbergraph_ThirdPerson_AnimBP
[2018.07.25-05.46.34:997][  0]LogUObjectGlobals: Created PersistentFrame Addr=0x0000025b30eabf60, Size=72, Default__ThirdPerson_AnimBP_C Function /Game/Mannequin/Animations/ThirdPerson_AnimBP.ThirdPerson_AnimBP_C:ExecuteUbergraph_ThirdPerson_AnimBP
[2018.07.25-05.46.35:057][  0]LogUObjectGlobals: Created PersistentFrame Addr=0x0000025b314f98f0, Size=40, Default__Entity_C Function /Game/SideScrollerBP/Blueprints/Entity.Entity_C:ExecuteUbergraph_Entity
[2018.07.25-05.46.35:059][  0]LogUObjectGlobals: Created PersistentFrame Addr=0x0000025b30edf880, Size=288, Default__Attack_Test_C Function /Game/Assets/2D/Attacks/Attack_Test.Attack_Test_C:ExecuteUbergraph_Attack_Test
[2018.07.25-05.46.35:477][  0]LogUObjectGlobals: Created PersistentFrame Addr=0x0000025b30ee34d0, Size=12, Default__Death_Test_C Function /Game/Assets/2D/Attacks/Death_Test.Death_Test_C:ExecuteUbergraph_Death_Test
[2018.07.25-05.46.35:607][  0]LogUObjectGlobals: Destroyed PersistentFrame Addr=0x0000025b30edf880, Size=288
[2018.07.25-05.46.35:607][  0]LogUObjectGlobals: Created PersistentFrame Addr=0x0000025b30edf880, Size=288, Default__Attack_Test_C Function /Engine/Transient.REINST_Attack_Test_C_4:ExecuteUbergraph_Attack_Test
[2018.07.25-05.46.35:608][  0]LogUObjectGlobals: Destroyed PersistentFrame Addr=0x0000025b30ee34d0, Size=12
[2018.07.25-05.46.35:608][  0]LogUObjectGlobals: Created PersistentFrame Addr=0x0000025b30ee34d0, Size=12, Default__Death_Test_C Function /Engine/Transient.REINST_Death_Test_C_5:ExecuteUbergraph_Death_Test
[2018.07.25-05.46.35:609][  0]LogUObjectGlobals: Destroyed PersistentFrame Addr=0x0000025b314f98f0, Size=40
[2018.07.25-05.46.35:609][  0]LogUObjectGlobals: Created PersistentFrame Addr=0x0000025b314f98f0, Size=40, Default__Entity_C Function /Engine/Transient.REINST_Entity_C_6:ExecuteUbergraph_Entity
[2018.07.25-05.46.35:621][  0]LogUObjectGlobals: Created PersistentFrame Addr=0x0000025b30edd440, Size=288, Default__Attack_Test_C Function /Game/Assets/2D/Attacks/Attack_Test.Attack_Test_C:ExecuteUbergraph_Attack_Test
[2018.07.25-05.46.35:622][  0]LogUObjectGlobals: Created PersistentFrame Addr=0x0000025b30ee34a0, Size=12, Default__Death_Test_C Function /Game/Assets/2D/Attacks/Death_Test.Death_Test_C:ExecuteUbergraph_Death_Test
[2018.07.25-05.46.35:655][  0]LogUObjectGlobals: Created PersistentFrame Addr=0x0000025b314f82c0, Size=40, Default__Entity_C Function /Game/SideScrollerBP/Blueprints/Entity.Entity_C:ExecuteUbergraph_Entity
[2018.07.25-05.46.35:900][  0]LogUObjectGlobals: Created PersistentFrame Addr=0x0000025b2e981728, Size=8, Default__Enemy_C Function /Game/SideScrollerBP/Blueprints/Enemy.Enemy_C:ExecuteUbergraph_Enemy
[2018.07.25-05.46.35:900][  0]LogUObjectGlobals: Created PersistentFrame Addr=0x0000025b30e3bfd8, Size=40, Default__Enemy_C Function /Game/SideScrollerBP/Blueprints/Entity.Entity_C:ExecuteUbergraph_Entity
[2018.07.25-05.46.35:903][  0]LogUObjectGlobals: Destroyed PersistentFrame Addr=0x0000025b2e981728, Size=8
[2018.07.25-05.46.35:903][  0]LogUObjectGlobals: Destroyed PersistentFrame Addr=0x0000025b30e3bfd8, Size=40
[2018.07.25-05.46.35:903][  0]LogUObjectGlobals: Created PersistentFrame Addr=0x0000025b2e981728, Size=8, Default__Enemy_C Function /Engine/Transient.REINST_Enemy_C_10:ExecuteUbergraph_Enemy
[2018.07.25-05.46.35:903][  0]LogUObjectGlobals: Created PersistentFrame Addr=0x0000025b30e3bfd8, Size=40, Default__Enemy_C Function /Game/SideScrollerBP/Blueprints/Entity.Entity_C:ExecuteUbergraph_Entity
[2018.07.25-05.46.35:905][  0]LogUObjectGlobals: Created PersistentFrame Addr=0x0000025b2e981680, Size=8, Default__Enemy_C Function /Game/SideScrollerBP/Blueprints/Enemy.Enemy_C:ExecuteUbergraph_Enemy
[2018.07.25-05.46.35:905][  0]LogUObjectGlobals: Created PersistentFrame Addr=0x0000025b30e3bbc8, Size=40, Default__Enemy_C Function /Game/SideScrollerBP/Blueprints/Entity.Entity_C:ExecuteUbergraph_Entity
[2018.07.25-05.46.35:941][  0]LogUObjectGlobals: Created PersistentFrame Addr=0x0000025b30d656c0, Size=192, Default__Player_C Function /Game/SideScrollerBP/Blueprints/Player.Player_C:ExecuteUbergraph_Player
[2018.07.25-05.46.35:941][  0]LogUObjectGlobals: Created PersistentFrame Addr=0x0000025b30e3bb50, Size=40, Default__Player_C Function /Game/SideScrollerBP/Blueprints/Entity.Entity_C:ExecuteUbergraph_Entity
[2018.07.25-05.46.36:065][  0]LogUObjectGlobals: Destroyed PersistentFrame Addr=0x0000025b30d656c0, Size=192
[2018.07.25-05.46.36:065][  0]LogUObjectGlobals: Destroyed PersistentFrame Addr=0x0000025b30e3bb50, Size=40
[2018.07.25-05.46.36:065][  0]LogUObjectGlobals: Created PersistentFrame Addr=0x0000025b30d656c0, Size=192, Default__Player_C Function /Engine/Transient.REINST_Player_C_12:ExecuteUbergraph_Player
[2018.07.25-05.46.36:065][  0]LogUObjectGlobals: Created PersistentFrame Addr=0x0000025b30e3bb50, Size=40, Default__Player_C Function /Game/SideScrollerBP/Blueprints/Entity.Entity_C:ExecuteUbergraph_Entity
[2018.07.25-05.46.36:075][  0]LogUObjectGlobals: Created PersistentFrame Addr=0x0000025b30d66680, Size=192, Default__Player_C Function /Game/SideScrollerBP/Blueprints/Player.Player_C:ExecuteUbergraph_Player
[2018.07.25-05.46.36:076][  0]LogUObjectGlobals: Created PersistentFrame Addr=0x0000025b30e3b3d0, Size=40, Default__Player_C Function /Game/SideScrollerBP/Blueprints/Entity.Entity_C:ExecuteUbergraph_Entity
[2018.07.25-05.46.36:100][  0]LogUObjectGlobals: Destroyed PersistentFrame Addr=0x0000025b30d66680, Size=192
[2018.07.25-05.46.36:100][  0]LogUObjectGlobals: Destroyed PersistentFrame Addr=0x0000025b30e3b3d0, Size=40
[2018.07.25-05.46.36:100][  0]LogUObjectGlobals: Created PersistentFrame Addr=0x0000025b30d66680, Size=192, Default__Player_C Function /Engine/Transient.REINST_Player_C_13:ExecuteUbergraph_Player
[2018.07.25-05.46.36:101][  0]LogUObjectGlobals: Created PersistentFrame Addr=0x0000025b30e3b3d0, Size=40, Default__Player_C Function /Game/SideScrollerBP/Blueprints/Entity.Entity_C:ExecuteUbergraph_Entity
[2018.07.25-05.46.36:113][  0]LogUObjectGlobals: Created PersistentFrame Addr=0x0000025b30ae82c0, Size=200, Default__Player_C Function /Game/SideScrollerBP/Blueprints/Player.Player_C:ExecuteUbergraph_Player
[2018.07.25-05.46.36:114][  0]LogUObjectGlobals: Created PersistentFrame Addr=0x0000025b30e3bab0, Size=40, Default__Player_C Function /Game/SideScrollerBP/Blueprints/Entity.Entity_C:ExecuteUbergraph_Entity
[2018.07.25-05.46.38:555][  0]LogAIModule: Creating AISystem for world SideScrollerExampleMap
[2018.07.25-05.46.39:571][  0]LogEditorServer: Finished looking for orphan Actors (0.000 secs)
[2018.07.25-05.46.39:761][  0]LogUObjectGlobals: Destroyed PersistentFrame Addr=0x0000025b312fa900, Size=64
[2018.07.25-05.46.39:761][  0]LogUObjectGlobals: Destroyed PersistentFrame Addr=0x0000025b314f98f0, Size=40
[2018.07.25-05.46.39:761][  0]LogUObjectGlobals: Destroyed PersistentFrame Addr=0x0000025b30edf880, Size=288
[2018.07.25-05.46.39:761][  0]LogUObjectGlobals: Destroyed PersistentFrame Addr=0x0000025b30ee34d0, Size=12
[2018.07.25-05.46.39:761][  0]LogUObjectGlobals: Destroyed PersistentFrame Addr=0x0000025b2e981728, Size=8
[2018.07.25-05.46.39:761][  0]LogUObjectGlobals: Destroyed PersistentFrame Addr=0x0000025b30e3bfd8, Size=40
[2018.07.25-05.46.39:761][  0]LogUObjectGlobals: Destroyed PersistentFrame Addr=0x0000025b30d656c0, Size=192
[2018.07.25-05.46.39:761][  0]LogUObjectGlobals: Destroyed PersistentFrame Addr=0x0000025b30e3bb50, Size=40
[2018.07.25-05.46.39:761][  0]LogUObjectGlobals: Destroyed PersistentFrame Addr=0x0000025b30d66680, Size=192
[2018.07.25-05.46.39:761][  0]LogUObjectGlobals: Destroyed PersistentFrame Addr=0x0000025b30e3b3d0, Size=40
[2018.07.25-05.46.39:844][  0]Cmd: MAP CHECKDEP NOCLEARLOG
[2018.07.25-05.46.39:927][  0]MapCheck: Map check complete: 0 Error(s), 0 Warning(s), took 82.401ms to complete.
[2018.07.25-05.46.39:927][  0]LogFileHelpers: Loading map 'SideScrollerExampleMap' took 6.403
[2018.07.25-05.46.41:939][  0]LogCollectionManager: Loaded 0 collections in 0.002169 seconds
[2018.07.25-05.46.42:103][  0]LogFileCache: Scanning file cache for directory 'C:/Users/Alienware/Documents/GitHub/DesktopLaptopShare/SideScrollerWithMatt/Saved/Collections/' took 0.01s
[2018.07.25-05.46.42:103][  0]LogFileCache: Scanning file cache for directory 'C:/Users/Alienware/Documents/GitHub/DesktopLaptopShare/SideScrollerWithMatt/Content/Developers/Alienware/Collections/' took 0.01s
[2018.07.25-05.46.42:103][  0]LogFileCache: Scanning file cache for directory 'C:/Users/Alienware/Documents/GitHub/DesktopLaptopShare/SideScrollerWithMatt/Content/Collections/' took 0.01s
[2018.07.25-05.46.42:103][  0]LogCollectionManager: Rebuilt the GUID cache for 0 collections in 0.000000 seconds
[2018.07.25-05.46.42:114][  0]LogContentBrowser: Native class hierarchy populated in 0.0104 seconds. Added 2452 classes and 558 folders.
[2018.07.25-05.46.42:319][  0]LogContentBrowser: Native class hierarchy updated for 'WidgetCarousel' in 0.0002 seconds. Added 0 classes and 0 folders.
[2018.07.25-05.46.44:390][  0]LogContentBrowser: Native class hierarchy updated for 'AddContentDialog' in 0.0003 seconds. Added 0 classes and 0 folders.
[2018.07.25-05.46.44:465][  0]LogContentBrowser: Native class hierarchy updated for 'SceneOutliner' in 0.0002 seconds. Added 1 classes and 2 folders.
[2018.07.25-05.46.45:336][  0]LogSlate: Took 0.067454 seconds to synchronously load lazily loaded font '../../../Engine/Content/Slate/Fonts/Roboto-Regular.ttf' (155K)
[2018.07.25-05.46.45:366][  0]LogSlate: Took 0.017351 seconds to synchronously load lazily loaded font '../../../Engine/Content/Slate/Fonts/Roboto-Bold.ttf' (160K)
[2018.07.25-05.46.45:424][  0]LogSlate: Took 0.011796 seconds to synchronously load lazily loaded font '../../../Engine/Content/Editor/Slate/Fonts/FontAwesome.ttf' (139K)
[2018.07.25-05.46.45:885][  0]LogRenderer: Reallocating scene render targets to support 968x600 Format 10 NumSamples 1 (Frame:1).
[2018.07.25-05.46.46:832][  0]LogContentBrowser: Native class hierarchy updated for 'HierarchicalLODOutliner' in 0.0002 seconds. Added 0 classes and 0 folders.
[2018.07.25-05.46.46:832][  0]LogLoad: (Engine Initialization) Total time: 206.06 seconds
[2018.07.25-05.46.46:832][  0]LogLoad: (Engine Initialization) Total Blueprint compile time: 0.00 seconds
[2018.07.25-05.46.47:255][  0]LogContentStreaming: Texture pool size now 3000 MB
[2018.07.25-05.46.47:806][  1]LogSlate: Took 0.094105 seconds to synchronously load lazily loaded font '../../../Engine/Content/Slate/Fonts/Roboto-Light.ttf' (167K)
[2018.07.25-05.46.47:858][  2]LogAssetRegistry: Asset discovery search completed in 146.1269 seconds
[2018.07.25-05.46.47:877][  2]LogCollectionManager: Rebuilt the object cache for 0 collections in 0.000000 seconds (found 0 objects)
[2018.07.25-05.46.47:877][  2]LogCollectionManager: Fixed up redirectors for 0 collections in 0.000062 seconds (updated 0 objects)
[2018.07.25-05.46.48:166][  4]LogSlate: Took 0.000168 seconds to synchronously load lazily loaded font '../../../Engine/Content/Slate/Fonts/Roboto-Light.ttf' (167K)
[2018.07.25-11.03.06:264][ 54]LogHttp: Warning: 0000025B30D7BB80: request failed, libcurl error: 6 (Couldn't resolve host name)
[2018.07.25-11.03.06:265][ 54]LogHttp: Warning: 0000025B30D7BB80: libcurl info message cache 0 (Found bundle for host datarouter.ol.epicgames.com: 0x25b75837fe8 [can pipeline])
[2018.07.25-11.03.06:265][ 54]LogHttp: Warning: 0000025B30D7BB80: libcurl info message cache 1 (Re-using existing connection! (#4) with host datarouter.ol.epicgames.com)
[2018.07.25-11.03.06:265][ 54]LogHttp: Warning: 0000025B30D7BB80: libcurl info message cache 2 (Connected to datarouter.ol.epicgames.com (35.169.90.239) port 443 (#4))
[2018.07.25-11.03.06:265][ 54]LogHttp: Warning: 0000025B30D7BB80: libcurl info message cache 3 (upload completely sent off: 203 out of 203 bytes)
[2018.07.25-11.03.06:265][ 54]LogHttp: Warning: 0000025B30D7BB80: libcurl info message cache 4 (SSL read: error:00000000:lib(0):func(0):reason(0), errno 10054)
[2018.07.25-11.03.06:265][ 54]LogHttp: Warning: 0000025B30D7BB80: libcurl info message cache 5 (Connection died, retrying a fresh connect)
[2018.07.25-11.03.06:265][ 54]LogHttp: Warning: 0000025B30D7BB80: libcurl info message cache 6 (Closing connection 4)
[2018.07.25-11.03.06:265][ 54]LogHttp: Warning: 0000025B30D7BB80: libcurl info message cache 7 (Issue another request to this URL: 'https://datarouter.ol.epicgames.com/datarouter/api/v1/public/data?SessionID=%7BD60C9C29-4020-D78E-279E-E391064CC191%7D&AppID=UEEditor.Rocket.Release&AppVersion=4.19.2-4033788%2B%2B%2BUE4%2BRelease-4.19&UserID=5ab1297e499db1ca124bc78224c17e12%7C33532271287b4c5b8e120e7ea1d39a3a%7Cf607efbe-4cf6-4a93-bb57-ab79db031876&AppEnvironment=datacollector-binary&UploadType=eteventstream')
[2018.07.25-11.03.06:266][ 54]LogHttp: Warning: 0000025B30D7BB80: libcurl info message cache 8 (Could not resolve host: datarouter.ol.epicgames.com)
[2018.07.25-11.03.06:266][ 54]LogHttp: Warning: 0000025B30D7BB80: libcurl info message cache 9 (Closing connection 5)
[2018.07.25-11.05.06:932][416]LogHttp: Warning: 0000025B30D7B700: request failed, libcurl error: 6 (Couldn't resolve host name)
[2018.07.25-11.05.06:932][416]LogHttp: Warning: 0000025B30D7B700: libcurl info message cache 0 (Could not resolve host: datarouter.ol.epicgames.com)
[2018.07.25-11.05.06:932][416]LogHttp: Warning: 0000025B30D7B700: libcurl info message cache 1 (Closing connection 6)
[2018.07.25-11.07.07:328][777]LogHttp: Warning: 0000025B30D7B100: request failed, libcurl error: 6 (Couldn't resolve host name)
[2018.07.25-11.07.07:328][777]LogHttp: Warning: 0000025B30D7B100: libcurl info message cache 0 (Could not resolve host: datarouter.ol.epicgames.com)
[2018.07.25-11.07.07:328][777]LogHttp: Warning: 0000025B30D7B100: libcurl info message cache 1 (Closing connection 7)
[2018.07.25-11.09.07:662][138]LogHttp: Warning: 0000025B30D7A980: request failed, libcurl error: 6 (Couldn't resolve host name)
[2018.07.25-11.09.07:662][138]LogHttp: Warning: 0000025B30D7A980: libcurl info message cache 0 (Could not resolve host: datarouter.ol.epicgames.com)
[2018.07.25-11.09.07:662][138]LogHttp: Warning: 0000025B30D7A980: libcurl info message cache 1 (Closing connection 8)
[2018.07.25-11.11.08:012][499]LogHttp: Warning: 0000025B30D7AC80: request failed, libcurl error: 6 (Couldn't resolve host name)
[2018.07.25-11.11.08:012][499]LogHttp: Warning: 0000025B30D7AC80: libcurl info message cache 0 (Could not resolve host: datarouter.ol.epicgames.com)
[2018.07.25-11.11.08:012][499]LogHttp: Warning: 0000025B30D7AC80: libcurl info message cache 1 (Closing connection 9)
