Log file open, 07/25/18 16:26:19
LogWindows: Failed to load 'aqProf.dll' (GetLastError=126)
LogWindows: File 'aqProf.dll' does not exist
LogWindows: Failed to load 'VtuneApi.dll' (GetLastError=126)
LogWindows: File 'VtuneApi.dll' does not exist
LogWindows: Failed to load 'VtuneApi32e.dll' (GetLastError=126)
LogWindows: File 'VtuneApi32e.dll' does not exist
LogInit: Display: Running engine for game: SideScrollerWithMatt
LogPlatformFile: Not using cached read wrapper
LogInit: Display: RandInit(335251506) SRandInit(335251506).
LogInit: Read version file with build ID '3944462'
LogInit: Overriding engine version to CL 4033788, compatible CL 3944462
LogInit: Registered custom module enumerator with build ID '3944462'
LogTaskGraph: Started task graph with 5 named threads and 14 total threads with 3 sets of task threads.
LogStats: Stats thread started at 0.208165
LogD3D11RHI: Aftermath initialized
LogICUInternationalization: Display: ICU TimeZone Detection - Raw Offset: -8:00, Platform Override: ''
LogModuleManager: Display: Found up-to-date module file ../../../Engine/Plugins/2D/Paper2D/Binaries/Win64/UE4Editor-Paper2D.dll (API version 3944462).
LogModuleManager: Display: Found up-to-date module file ../../../Engine/Plugins/2D/Paper2D/Binaries/Win64/UE4Editor-Paper2DEditor.dll (API version 3944462).
LogModuleManager: Display: Found up-to-date module file ../../../Engine/Plugins/2D/Paper2D/Binaries/Win64/UE4Editor-PaperSpriteSheetImporter.dll (API version 3944462).
LogModuleManager: Display: Found up-to-date module file ../../../Engine/Plugins/2D/Paper2D/Binaries/Win64/UE4Editor-PaperTiledImporter.dll (API version 3944462).
LogModuleManager: Display: Found up-to-date module file ../../../Engine/Plugins/2D/Paper2D/Binaries/Win64/UE4Editor-SmartSnapping.dll (API version 3944462).
LogModuleManager: Display: Found up-to-date module file ../../../Engine/Plugins/Blendables/LightPropagationVolume/Binaries/Win64/UE4Editor-LightPropagationVolumeRuntime.dll (API version 3944462).
LogModuleManager: Display: Found up-to-date module file ../../../Engine/Plugins/Blendables/LightPropagationVolume/Binaries/Win64/UE4Editor-LightPropagationVolumeEditor.dll (API version 3944462).
LogModuleManager: Display: Found up-to-date module file ../../../Engine/Plugins/Developer/CLionSourceCodeAccess/Binaries/Win64/UE4Editor-CLionSourceCodeAccess.dll (API version 3944462).
LogModuleManager: Display: Found up-to-date module file ../../../Engine/Plugins/Developer/GitSourceControl/Binaries/Win64/UE4Editor-GitSourceControl.dll (API version 3944462).
LogModuleManager: Display: Found up-to-date module file ../../../Engine/Plugins/Developer/PerforceSourceControl/Binaries/Win64/UE4Editor-PerforceSourceControl.dll (API version 3944462).
LogModuleManager: Display: Found up-to-date module file ../../../Engine/Plugins/Developer/SubversionSourceControl/Binaries/Win64/UE4Editor-SubversionSourceControl.dll (API version 3944462).
LogModuleManager: Display: Found up-to-date module file ../../../Engine/Plugins/Developer/UObjectPlugin/Binaries/Win64/UE4Editor-UObjectPlugin.dll (API version 3944462).
LogModuleManager: Display: Found up-to-date module file ../../../Engine/Plugins/Developer/VisualStudioCodeSourceCodeAccess/Binaries/Win64/UE4Editor-VisualStudioCodeSourceCodeAccess.dll (API version 3944462).
LogModuleManager: Display: Found up-to-date module file ../../../Engine/Plugins/Developer/VisualStudioSourceCodeAccess/Binaries/Win64/UE4Editor-VisualStudioSourceCodeAccess.dll (API version 3944462).
LogModuleManager: Display: Found up-to-date module file ../../../Engine/Plugins/Editor/AssetManagerEditor/Binaries/Win64/UE4Editor-AssetManagerEditor.dll (API version 3944462).
LogModuleManager: Display: Found up-to-date module file ../../../Engine/Plugins/Editor/CryptoKeys/Binaries/Win64/UE4Editor-CryptoKeys.dll (API version 3944462).
LogModuleManager: Display: Found up-to-date module file ../../../Engine/Plugins/Editor/CryptoKeys/Binaries/Win64/UE4Editor-CryptoKeysOpenSSL.dll (API version 3944462).
LogModuleManager: Display: Found up-to-date module file ../../../Engine/Plugins/Editor/DataValidation/Binaries/Win64/UE4Editor-DataValidation.dll (API version 3944462).
LogModuleManager: Display: Found up-to-date module file ../../../Engine/Plugins/Editor/FacialAnimation/Binaries/Win64/UE4Editor-FacialAnimation.dll (API version 3944462).
LogModuleManager: Display: Found up-to-date module file ../../../Engine/Plugins/Editor/FacialAnimation/Binaries/Win64/UE4Editor-FacialAnimationEditor.dll (API version 3944462).
LogModuleManager: Display: Found up-to-date module file ../../../Engine/Plugins/Editor/GameplayTagsEditor/Binaries/Win64/UE4Editor-GameplayTagsEditor.dll (API version 3944462).
LogModuleManager: Display: Found up-to-date module file ../../../Engine/Plugins/Editor/MobileLauncherProfileWizard/Binaries/Win64/UE4Editor-MobileLauncherProfileWizard.dll (API version 3944462).
LogModuleManager: Display: Found up-to-date module file ../../../Engine/Plugins/Editor/PluginBrowser/Binaries/Win64/UE4Editor-PluginBrowser.dll (API version 3944462).
LogModuleManager: Display: Found up-to-date module file ../../../Engine/Plugins/Editor/SpeedTreeImporter/Binaries/Win64/UE4Editor-SpeedTreeImporter.dll (API version 3944462).
LogModuleManager: Display: Found up-to-date module file ../../../Engine/Plugins/Enterprise/DatasmithContent/Binaries/Win64/UE4Editor-DatasmithContent.dll (API version 3944462).
LogModuleManager: Display: Found up-to-date module file ../../../Engine/Plugins/Experimental/AlembicImporter/Binaries/Win64/UE4Editor-AlembicImporter.dll (API version 3944462).
LogModuleManager: Display: Found up-to-date module file ../../../Engine/Plugins/Experimental/AlembicImporter/Binaries/Win64/UE4Editor-AlembicLibrary.dll (API version 3944462).
LogModuleManager: Display: Found up-to-date module file ../../../Engine/Plugins/Experimental/CharacterAI/Binaries/Win64/UE4Editor-CharacterAI.dll (API version 3944462).
LogModuleManager: Display: Found up-to-date module file ../../../Engine/Plugins/Experimental/HTML5Networking/Binaries/Win64/UE4Editor-HTML5Networking.dll (API version 3944462).
LogModuleManager: Display: Found up-to-date module file ../../../Engine/Plugins/Media/AndroidMedia/Binaries/Win64/UE4Editor-AndroidMediaEditor.dll (API version 3944462).
LogModuleManager: Display: Found up-to-date module file ../../../Engine/Plugins/Media/AndroidMedia/Binaries/Win64/UE4Editor-AndroidMediaFactory.dll (API version 3944462).
LogModuleManager: Display: Found up-to-date module file ../../../Engine/Plugins/Media/AvfMedia/Binaries/Win64/UE4Editor-AvfMediaEditor.dll (API version 3944462).
LogModuleManager: Display: Found up-to-date module file ../../../Engine/Plugins/Media/AvfMedia/Binaries/Win64/UE4Editor-AvfMediaFactory.dll (API version 3944462).
LogModuleManager: Display: Found up-to-date module file ../../../Engine/Plugins/Media/AvfMedia/Binaries/Win64/UE4Editor-AvfMediaFactory.dll (API version 3944462).
LogModuleManager: Display: Found up-to-date module file ../../../Engine/Plugins/Media/ImgMedia/Binaries/Win64/UE4Editor-ImgMedia.dll (API version 3944462).
LogModuleManager: Display: Found up-to-date module file ../../../Engine/Plugins/Media/ImgMedia/Binaries/Win64/UE4Editor-ImgMediaEditor.dll (API version 3944462).
LogModuleManager: Display: Found up-to-date module file ../../../Engine/Plugins/Media/ImgMedia/Binaries/Win64/UE4Editor-ImgMediaFactory.dll (API version 3944462).
LogModuleManager: Display: Found up-to-date module file ../../../Engine/Plugins/Media/ImgMedia/Binaries/Win64/UE4Editor-ImgMediaFactory.dll (API version 3944462).
LogModuleManager: Display: Found up-to-date module file ../../../Engine/Plugins/Media/ImgMedia/Binaries/Win64/UE4Editor-OpenExrWrapper.dll (API version 3944462).
LogModuleManager: Display: Found up-to-date module file ../../../Engine/Plugins/Media/LinearTimecode/Binaries/Win64/UE4Editor-LinearTimecode.dll (API version 3944462).
LogModuleManager: Display: Found up-to-date module file ../../../Engine/Plugins/Media/MediaCompositing/Binaries/Win64/UE4Editor-MediaCompositing.dll (API version 3944462).
LogModuleManager: Display: Found up-to-date module file ../../../Engine/Plugins/Media/MediaCompositing/Binaries/Win64/UE4Editor-MediaCompositingEditor.dll (API version 3944462).
LogModuleManager: Display: Found up-to-date module file ../../../Engine/Plugins/Media/MediaPlayerEditor/Binaries/Win64/UE4Editor-MediaPlayerEditor.dll (API version 3944462).
LogModuleManager: Display: Found up-to-date module file ../../../Engine/Plugins/Media/WmfMedia/Binaries/Win64/UE4Editor-WmfMedia.dll (API version 3944462).
LogModuleManager: Display: Found up-to-date module file ../../../Engine/Plugins/Media/WmfMedia/Binaries/Win64/UE4Editor-WmfMediaEditor.dll (API version 3944462).
LogModuleManager: Display: Found up-to-date module file ../../../Engine/Plugins/Media/WmfMedia/Binaries/Win64/UE4Editor-WmfMediaFactory.dll (API version 3944462).
LogModuleManager: Display: Found up-to-date module file ../../../Engine/Plugins/Media/WmfMedia/Binaries/Win64/UE4Editor-WmfMediaFactory.dll (API version 3944462).
LogModuleManager: Display: Found up-to-date module file ../../../Engine/Plugins/Messaging/TcpMessaging/Binaries/Win64/UE4Editor-TcpMessaging.dll (API version 3944462).
LogModuleManager: Display: Found up-to-date module file ../../../Engine/Plugins/Messaging/UdpMessaging/Binaries/Win64/UE4Editor-UdpMessaging.dll (API version 3944462).
LogModuleManager: Display: Found up-to-date module file ../../../Engine/Plugins/MovieScene/ActorSequence/Binaries/Win64/UE4Editor-ActorSequence.dll (API version 3944462).
LogModuleManager: Display: Found up-to-date module file ../../../Engine/Plugins/MovieScene/LevelSequenceEditor/Binaries/Win64/UE4Editor-LevelSequenceEditor.dll (API version 3944462).
LogModuleManager: Display: Found up-to-date module file ../../../Engine/Plugins/MovieScene/MatineeToLevelSequence/Binaries/Win64/UE4Editor-MatineeToLevelSequence.dll (API version 3944462).
LogModuleManager: Display: Found up-to-date module file ../../../Engine/Plugins/NetcodeUnitTest/NetcodeUnitTest/Binaries/Win64/UE4Editor-NetcodeUnitTest.dll (API version 3944462).
LogModuleManager: Display: Found up-to-date module file ../../../Engine/Plugins/NetcodeUnitTest/NUTUnrealEngine4/Binaries/Win64/UE4Editor-NUTUnrealEngine4.dll (API version 3944462).
LogModuleManager: Display: Found up-to-date module file ../../../Engine/Plugins/Online/OnlineSubsystem/Binaries/Win64/UE4Editor-OnlineSubsystem.dll (API version 3944462).
LogModuleManager: Display: Found up-to-date module file ../../../Engine/Plugins/Runtime/AndroidPermission/Binaries/Win64/UE4Editor-AndroidPermission.dll (API version 3944462).
LogModuleManager: Display: Found up-to-date module file ../../../Engine/Plugins/Online/OnlineSubsystemNull/Binaries/Win64/UE4Editor-OnlineSubsystemNull.dll (API version 3944462).
LogModuleManager: Display: Found up-to-date module file ../../../Engine/Plugins/Online/OnlineSubsystemUtils/Binaries/Win64/UE4Editor-OnlineSubsystemUtils.dll (API version 3944462).
LogModuleManager: Display: Found up-to-date module file ../../../Engine/Plugins/Online/OnlineSubsystemUtils/Binaries/Win64/UE4Editor-OnlineBlueprintSupport.dll (API version 3944462).
LogModuleManager: Display: Found up-to-date module file ../../../Engine/Plugins/Runtime/AndroidDeviceProfileSelector/Binaries/Win64/UE4Editor-AndroidDeviceProfileSelector.dll (API version 3944462).
LogModuleManager: Display: Found up-to-date module file ../../../Engine/Plugins/Runtime/AppleARKit/Binaries/Win64/UE4Editor-AppleARKit.dll (API version 3944462).
LogModuleManager: Display: Found up-to-date module file ../../../Engine/Plugins/Runtime/ProceduralMeshComponent/Binaries/Win64/UE4Editor-ProceduralMeshComponent.dll (API version 3944462).
LogModuleManager: Display: Found up-to-date module file ../../../Engine/Plugins/Runtime/ProceduralMeshComponent/Binaries/Win64/UE4Editor-ProceduralMeshComponentEditor.dll (API version 3944462).
LogModuleManager: Display: Found up-to-date module file ../../../Engine/Plugins/Animation/LiveLink/Binaries/Win64/UE4Editor-LiveLink.dll (API version 3944462).
LogModuleManager: Display: Found up-to-date module file ../../../Engine/Plugins/Animation/LiveLink/Binaries/Win64/UE4Editor-LiveLinkEditor.dll (API version 3944462).
LogModuleManager: Display: Found up-to-date module file ../../../Engine/Plugins/Runtime/ArchVisCharacter/Binaries/Win64/UE4Editor-ArchVisCharacter.dll (API version 3944462).
LogModuleManager: Display: Found up-to-date module file ../../../Engine/Plugins/Runtime/AudioCapture/Binaries/Win64/UE4Editor-AudioCapture.dll (API version 3944462).
LogModuleManager: Display: Found up-to-date module file ../../../Engine/Plugins/Runtime/AudioCapture/Binaries/Win64/UE4Editor-AudioCaptureEditor.dll (API version 3944462).
LogModuleManager: Display: Found up-to-date module file ../../../Engine/Plugins/Runtime/CableComponent/Binaries/Win64/UE4Editor-CableComponent.dll (API version 3944462).
LogModuleManager: Display: Found up-to-date module file ../../../Engine/Plugins/Runtime/CustomMeshComponent/Binaries/Win64/UE4Editor-CustomMeshComponent.dll (API version 3944462).
LogModuleManager: Display: Found up-to-date module file ../../../Engine/Plugins/Runtime/ExampleDeviceProfileSelector/Binaries/Win64/UE4Editor-ExampleDeviceProfileSelector.dll (API version 3944462).
LogModuleManager: Display: Found up-to-date module file ../../../Engine/Plugins/Runtime/ImmediatePhysics/Binaries/Win64/UE4Editor-ImmediatePhysics.dll (API version 3944462).
LogModuleManager: Display: Found up-to-date module file ../../../Engine/Plugins/Runtime/ImmediatePhysics/Binaries/Win64/UE4Editor-ImmediatePhysicsEditor.dll (API version 3944462).
LogModuleManager: Display: Found up-to-date module file ../../../Engine/Plugins/Runtime/LocationServicesBPLibrary/Binaries/Win64/UE4Editor-LocationServicesBPLibrary.dll (API version 3944462).
LogModuleManager: Display: Found up-to-date module file ../../../Engine/Plugins/Runtime/MobilePatchingUtils/Binaries/Win64/UE4Editor-MobilePatchingUtils.dll (API version 3944462).
LogModuleManager: Display: Found up-to-date module file ../../../Engine/Plugins/Runtime/Oculus/OculusVR/Binaries/Win64/UE4Editor-OculusHMD.dll (API version 3944462).
LogModuleManager: Display: Found up-to-date module file ../../../Engine/Plugins/Runtime/Oculus/OculusVR/Binaries/Win64/UE4Editor-OculusInput.dll (API version 3944462).
LogModuleManager: Display: Found up-to-date module file ../../../Engine/Plugins/Runtime/Oculus/OculusVR/Binaries/Win64/UE4Editor-OculusEditor.dll (API version 3944462).
LogModuleManager: Display: Found up-to-date module file ../../../Engine/Plugins/Runtime/PhysXVehicles/Binaries/Win64/UE4Editor-PhysXVehicles.dll (API version 3944462).
LogModuleManager: Display: Found up-to-date module file ../../../Engine/Plugins/Runtime/PhysXVehicles/Binaries/Win64/UE4Editor-PhysXVehiclesEditor.dll (API version 3944462).
LogModuleManager: Display: Found up-to-date module file ../../../Engine/Plugins/Runtime/RuntimePhysXCooking/Binaries/Win64/UE4Editor-RuntimePhysXCooking.dll (API version 3944462).
LogModuleManager: Display: Found up-to-date module file ../../../Engine/Plugins/Runtime/Steam/SteamVR/Binaries/Win64/UE4Editor-SteamVR.dll (API version 3944462).
LogModuleManager: Display: Found up-to-date module file ../../../Engine/Plugins/Runtime/Steam/SteamVR/Binaries/Win64/UE4Editor-SteamVRController.dll (API version 3944462).
LogModuleManager: Display: Found up-to-date module file ../../../Engine/Plugins/Runtime/WindowsMoviePlayer/Binaries/Win64/UE4Editor-WindowsMoviePlayer.dll (API version 3944462).
LogPluginManager: Mounting plugin Paper2D
LogPluginManager: Mounting plugin LiveLink
LogPluginManager: Mounting plugin LightPropagationVolume
LogPluginManager: Mounting plugin CLionSourceCodeAccess
LogPluginManager: Mounting plugin CodeLiteSourceCodeAccess
LogPluginManager: Mounting plugin GitSourceControl
LogPluginManager: Mounting plugin KDevelopSourceCodeAccess
LogPluginManager: Mounting plugin NullSourceCodeAccess
LogPluginManager: Mounting plugin PerforceSourceControl
LogPluginManager: Mounting plugin SubversionSourceControl
LogPluginManager: Mounting plugin UObjectPlugin
LogPluginManager: Mounting plugin VisualStudioCodeSourceCodeAccess
LogPluginManager: Mounting plugin VisualStudioSourceCodeAccess
LogPluginManager: Mounting plugin XCodeSourceCodeAccess
LogPluginManager: Mounting plugin AssetManagerEditor
LogPluginManager: Mounting plugin CryptoKeys
LogPluginManager: Mounting plugin DataValidation
LogPluginManager: Mounting plugin FacialAnimation
LogPluginManager: Mounting plugin GameplayTagsEditor
LogPluginManager: Mounting plugin MobileLauncherProfileWizard
LogPluginManager: Mounting plugin PluginBrowser
LogPluginManager: Mounting plugin SpeedTreeImporter
LogPluginManager: Mounting plugin DatasmithContent
LogPluginManager: Mounting plugin AlembicImporter
LogPluginManager: Mounting plugin CharacterAI
LogPluginManager: Mounting plugin HTML5Networking
LogPluginManager: Mounting plugin AndroidMedia
LogPluginManager: Mounting plugin AvfMedia
LogPluginManager: Mounting plugin ImgMedia
LogPluginManager: Mounting plugin LinearTimecode
LogPluginManager: Mounting plugin MediaCompositing
LogPluginManager: Mounting plugin MediaPlayerEditor
LogPluginManager: Mounting plugin WmfMedia
LogPluginManager: Mounting plugin TcpMessaging
LogPluginManager: Mounting plugin UdpMessaging
LogPluginManager: Mounting plugin ActorSequence
LogPluginManager: Mounting plugin LevelSequenceEditor
LogPluginManager: Mounting plugin MatineeToLevelSequence
LogPluginManager: Mounting plugin NetcodeUnitTest
LogPluginManager: Mounting plugin NUTUnrealEngine4
LogPluginManager: Mounting plugin OnlineSubsystemGooglePlay
LogPluginManager: Mounting plugin OnlineSubsystemIOS
LogPluginManager: Mounting plugin OnlineSubsystem
LogPluginManager: Mounting plugin OnlineSubsystemNull
LogPluginManager: Mounting plugin OnlineSubsystemUtils
LogPluginManager: Mounting plugin AndroidDeviceProfileSelector
LogPluginManager: Mounting plugin AndroidMoviePlayer
LogPluginManager: Mounting plugin AndroidPermission
LogPluginManager: Mounting plugin AppleARKit
LogPluginManager: Mounting plugin AppleMoviePlayer
LogPluginManager: Mounting plugin ArchVisCharacter
LogPluginManager: Mounting plugin AudioCapture
LogPluginManager: Mounting plugin CableComponent
LogPluginManager: Mounting plugin CustomMeshComponent
LogPluginManager: Mounting plugin ExampleDeviceProfileSelector
LogPluginManager: Mounting plugin GoogleCloudMessaging
LogPluginManager: Mounting plugin ImmediatePhysics
LogPluginManager: Mounting plugin IOSDeviceProfileSelector
LogPluginManager: Mounting plugin LinuxDeviceProfileSelector
LogPluginManager: Mounting plugin LocationServicesBPLibrary
LogPluginManager: Mounting plugin MobilePatchingUtils
LogPluginManager: Mounting plugin OculusVR
LogPluginManager: Plugin shader directory ../../../Engine/Plugins/Runtime/Oculus/OculusVR/Shaders found
LogPluginManager: Mapping shader source directory ../../../Engine/Plugins/Runtime/Oculus/OculusVR/Shaders to virtual directory /Plugin/OculusVR
LogPluginManager: Mounting plugin PhysXVehicles
LogPluginManager: Mounting plugin ProceduralMeshComponent
LogPluginManager: Mounting plugin RuntimePhysXCooking
LogPluginManager: Mounting plugin SteamVR
LogPluginManager: Mounting plugin WindowsMoviePlayer
LogStreaming: Display: Took  1.410s to configure plugins.
LogInit: Using libcurl 7.47.1
LogInit:  - built for x86_64-pc-win32
LogInit:  - supports SSL with OpenSSL/1.0.2g
LogInit:  - supports HTTP deflate (compression) using libz 1.2.8
LogInit:  - other features:
LogInit:      CURL_VERSION_SSL
LogInit:      CURL_VERSION_LIBZ
LogInit:      CURL_VERSION_IPV6
LogInit:      CURL_VERSION_ASYNCHDNS
LogInit:      CURL_VERSION_LARGEFILE
LogInit:      CURL_VERSION_IDN
LogInit:  CurlRequestOptions (configurable via config and command line):
LogInit:  - bVerifyPeer = false  - Libcurl will NOT verify peer certificate
LogInit:  - bUseHttpProxy = false  - Libcurl will NOT use HTTP proxy
LogInit:  - bDontReuseConnections = false  - Libcurl will reuse connections
LogInit:  - CertBundlePath = nullptr  - Libcurl will use whatever was configured at build time.
LogInit:  - MaxHostConnections = 16  - Libcurl will limit the number of connections to a host
LogInit:  - LocalHostAddr = Default
LogInit: WinSock: version 1.1 (2.2), MaxSocks=32767, MaxUdp=65467
LogInit: WinSock: I am DESKTOP-8IQ2FAD (10.0.0.140:0)
LogInit: Build: ++UE4+Release-4.19-CL-4033788
LogInit: Engine Version: 4.19.2-4033788+++UE4+Release-4.19
LogInit: Compatible Engine Version: 4.19.0-3944462+++UE4+Release-4.19
LogInit: Net CL: 3944462
LogDevObjectVersion: Number of dev versions registered: 18
LogDevObjectVersion:   Dev-Blueprints (B0D832E4-1F89-4F0D-ACCF-7EB736FD4AA2): 10
LogDevObjectVersion:   Dev-Build (E1C64328-A22C-4D53-A36C-8E866417BD8C): 0
LogDevObjectVersion:   Dev-Core (375EC13C-06E4-48FB-B500-84F0262A717E): 2
LogDevObjectVersion:   Dev-Editor (E4B068ED-F494-42E9-A231-DA0B2E46BB41): 23
LogDevObjectVersion:   Dev-Framework (CFFC743F-43B0-4480-9391-14DF171D2073): 33
LogDevObjectVersion:   Dev-Mobile (B02B49B5-BB20-44E9-A304-32B752E40360): 2
LogDevObjectVersion:   Dev-Networking (A4E4105C-59A1-49B5-A7C5-40C4547EDFEE): 0
LogDevObjectVersion:   Dev-Online (39C831C9-5AE6-47DC-9A44-9C173E1C8E7C): 0
LogDevObjectVersion:   Dev-Physics (78F01B33-EBEA-4F98-B9B4-84EACCB95AA2): 0
LogDevObjectVersion:   Dev-Platform (6631380F-2D4D-43E0-8009-CF276956A95A): 0
LogDevObjectVersion:   Dev-Rendering (12F88B9F-8875-4AFC-A67C-D90C383ABD29): 25
LogDevObjectVersion:   Dev-Sequencer (7B5AE74C-D270-4C10-A958-57980B212A5A): 6
LogDevObjectVersion:   Dev-VR (D7296918-1DD6-4BDD-9DE2-64A83CC13884): 1
LogDevObjectVersion:   Dev-LoadTimes (C2A15278-BFE7-4AFE-6C17-90FF531DF755): 1
LogDevObjectVersion:   Private-Geometry (6EACA3D4-40EC-4CC1-B786-8BED09428FC5): 2
LogDevObjectVersion:   Dev-AnimPhys (29E575DD-E0A3-4627-9D10-D276232CDCEA): 16
LogDevObjectVersion:   Dev-ReflectionCapture (6B266CEC-1EC7-4B8F-A30B-E4D90942FC07): 1
LogDevObjectVersion:   Dev-Automation (0DF73D61-A23F-47EA-B727-89E90C41499A): 1
LogInit: Compiled (64-bit): Apr 27 2018 02:06:57
LogInit: Compiled with Visual C++: 19.00.24215.01
LogInit: Build Configuration: Development
LogInit: Branch Name: ++UE4+Release-4.19
LogInit: Command Line:  
LogInit: Base Directory: C:/Program Files/Epic Games/UE_4.19/Engine/Binaries/Win64/
LogInit: Installed Engine Build: 1
LogStreaming: Display: Took  0.001s to delete old logs.
LogInit: Presizing for max 8388607 objects, including 0 objects not considered by GC, pre-allocating 0 bytes for permanent pool.
LogInit: Object subsystem initialized
[2018.07.25-23.26.21:167][  0]LogInit: Selected Device Profile: [Windows]
[2018.07.25-23.26.21:167][  0]LogInit: Applying CVar settings loaded from the selected device profile: [Windows]
[2018.07.25-23.26.21:225][  0]LogInit: Computer: DESKTOP-8IQ2FAD
[2018.07.25-23.26.21:225][  0]LogInit: User: Alienware
[2018.07.25-23.26.21:225][  0]LogInit: CPU Page size=4096, Cores=4
[2018.07.25-23.26.21:225][  0]LogInit: High frequency timer resolution =2.648443 MHz
[2018.07.25-23.26.21:225][  0]LogMemory: Memory total: Physical=7.9GB (8GB approx)
[2018.07.25-23.26.21:225][  0]LogMemory: Platform Memory Stats for Windows
[2018.07.25-23.26.21:225][  0]LogMemory: Process Physical Memory: 274.66 MB used, 274.66 MB peak
[2018.07.25-23.26.21:225][  0]LogMemory: Process Virtual Memory: 264.20 MB used, 264.20 MB peak
[2018.07.25-23.26.21:226][  0]LogMemory: Physical Memory: 4877.39 MB used,  3215.56 MB free, 8092.95 MB total
[2018.07.25-23.26.21:226][  0]LogMemory: Virtual Memory: 4782.97 MB used,  3215.56 MB free, 134217728.00 MB total
[2018.07.25-23.26.21:242][  0]LogInit: Using OS detected language (en-US).
[2018.07.25-23.26.21:243][  0]LogInit: Using OS detected locale (en-US).
[2018.07.25-23.26.21:246][  0]LogTextLocalizationManager: No specific localization for 'en-US' exists, so the 'en' localization will be used.
[2018.07.25-23.26.21:692][  0]LogStreaming: Display: Took  0.451s to EndInitTextLocalization.
[2018.07.25-23.26.21:692][  0]LogInit: Setting process to per monitor DPI aware
[2018.07.25-23.26.21:715][  0]LogSlate: New Slate User Created.  User Index 0, Is Virtual User: 0
[2018.07.25-23.26.21:715][  0]LogSlate: Slate User Registered.  User Index 0, Is Virtual User: 0
[2018.07.25-23.26.21:900][  0]LogD3D11RHI: D3D11 adapters:
[2018.07.25-23.26.21:946][  0]LogD3D11RHI:    0. 'NVIDIA GeForce GTX 960' (Feature Level 11_0)
[2018.07.25-23.26.21:946][  0]LogD3D11RHI:       2016/0/4046 MB DedicatedVideo/DedicatedSystem/SharedSystem, Outputs:1, VendorId:0x10de
[2018.07.25-23.26.21:954][  0]LogD3D11RHI:    1. 'Intel(R) HD Graphics 530' (Feature Level 11_0)
[2018.07.25-23.26.21:954][  0]LogD3D11RHI:       128/0/4046 MB DedicatedVideo/DedicatedSystem/SharedSystem, Outputs:0, VendorId:0x8086
[2018.07.25-23.26.21:956][  0]LogD3D11RHI:    2. 'Microsoft Basic Render Driver' (Feature Level 11_0)
[2018.07.25-23.26.21:956][  0]LogD3D11RHI:       0/0/4046 MB DedicatedVideo/DedicatedSystem/SharedSystem, Outputs:0, VendorId:0x1414
[2018.07.25-23.26.21:956][  0]LogD3D11RHI: Chosen D3D11 Adapter: 0
[2018.07.25-23.26.21:963][  0]LogD3D11RHI: Creating new Direct3DDevice
[2018.07.25-23.26.21:963][  0]LogD3D11RHI:     GPU DeviceId: 0x1401 (for the marketing name, search the web for "GPU Device Id")
[2018.07.25-23.26.21:963][  0]LogWindows: EnumDisplayDevices:
[2018.07.25-23.26.21:964][  0]LogWindows:    0. 'NVIDIA GeForce GTX 960' (P:1 D:1)
[2018.07.25-23.26.21:964][  0]LogWindows:    1. 'NVIDIA GeForce GTX 960' (P:0 D:0)
[2018.07.25-23.26.21:964][  0]LogWindows:    2. 'NVIDIA GeForce GTX 960' (P:0 D:0)
[2018.07.25-23.26.21:964][  0]LogWindows:    3. 'NVIDIA GeForce GTX 960' (P:0 D:0)
[2018.07.25-23.26.21:964][  0]LogWindows:    4. 'Intel(R) HD Graphics 530' (P:0 D:0)
[2018.07.25-23.26.21:964][  0]LogWindows:    5. 'Intel(R) HD Graphics 530' (P:0 D:0)
[2018.07.25-23.26.21:964][  0]LogWindows:    6. 'Intel(R) HD Graphics 530' (P:0 D:0)
[2018.07.25-23.26.21:964][  0]LogWindows: DebugString: GetVideoDriverDetailsInvalid PrimaryIsNotTheChoosenAdapter GetVideoDriverDetailsInvalid PrimaryIsNotTheChoosenAdapter GetVideoDriverDetailsInvalid PrimaryIsNotTheChoosenAdapter GetVideoDriverDetailsInvalid PrimaryIsNotTheChoosenAdapter GetVideoDriverDetailsInvalid PrimaryIsNotTheChoosenAdapter GetVideoDriverDetailsInvalid PrimaryIsNotTheChoosenAdapter GetVideoDriverDetailsInvalid PrimaryIsNotTheChoosenAdapter FoundDriverCount:0 
[2018.07.25-23.26.21:964][  0]LogD3D11RHI:     Adapter Name: NVIDIA GeForce GTX 960
[2018.07.25-23.26.21:964][  0]LogD3D11RHI:   Driver Version: Unknown (internal:Unknown, unified:Unknown)
[2018.07.25-23.26.21:965][  0]LogD3D11RHI:      Driver Date: Unknown
[2018.07.25-23.26.21:965][  0]LogRHI: Texture pool is 1411 MB (70% of 2016 MB)
[2018.07.25-23.26.21:993][  0]LogD3D11RHI: [Aftermath] Aftermath enabled but failed to initialize
[2018.07.25-23.26.21:993][  0]LogD3D11RHI: [Aftermath] Aftermath enabled and primed
[2018.07.25-23.26.21:993][  0]LogD3D11RHI: Async texture creation enabled
[2018.07.25-23.26.22:004][  0]LogD3D11RHI: GPU Timing Frequency: 1000.000000 (Debug: 2 1)
[2018.07.25-23.26.22:050][  0]LogShaderCompilers: Guid format shader working directory is -40 characters bigger than the processId version (../../../../../../Users/Alienware/Documents/GitHub/DesktopLaptopShare/SideScrollerWithMatt/Intermediate/Shaders/WorkingDirectory/5420/).
[2018.07.25-23.26.22:051][  0]LogShaderCompilers: Cleaned the shader compiler working directory 'C:/Users/Alienware/AppData/Local/Temp/UnrealShaderWorkingDir/C8685DD74200D3AB013C82910F4522BF/'.
[2018.07.25-23.26.22:328][  0]LogTemp: Display: Loaded TP AllDesktopTargetPlatform
[2018.07.25-23.26.22:343][  0]LogTemp: Display: Loaded TP MacClientTargetPlatform
[2018.07.25-23.26.22:358][  0]LogTemp: Display: Loaded TP MacNoEditorTargetPlatform
[2018.07.25-23.26.22:372][  0]LogTemp: Display: Loaded TP MacServerTargetPlatform
[2018.07.25-23.26.22:388][  0]LogTemp: Display: Loaded TP MacTargetPlatform
[2018.07.25-23.26.22:402][  0]LogTemp: Display: Loaded TP WindowsClientTargetPlatform
[2018.07.25-23.26.22:415][  0]LogTemp: Display: Loaded TP WindowsNoEditorTargetPlatform
[2018.07.25-23.26.22:431][  0]LogTemp: Display: Loaded TP WindowsServerTargetPlatform
[2018.07.25-23.26.22:438][  0]LogTemp: Display: Loaded TP WindowsTargetPlatform
[2018.07.25-23.26.22:452][  0]LogTemp: Display: Loaded TP Android_ASTCTargetPlatform
[2018.07.25-23.26.22:465][  0]LogTemp: Display: Loaded TP Android_ATCTargetPlatform
[2018.07.25-23.26.22:481][  0]LogTemp: Display: Loaded TP Android_DXTTargetPlatform
[2018.07.25-23.26.22:495][  0]LogTemp: Display: Loaded TP Android_ETC1aTargetPlatform
[2018.07.25-23.26.22:508][  0]LogTemp: Display: Loaded TP Android_ETC1TargetPlatform
[2018.07.25-23.26.22:521][  0]LogTemp: Display: Loaded TP Android_ETC2TargetPlatform
[2018.07.25-23.26.22:548][  0]LogTemp: Display: Loaded TP Android_MultiTargetPlatform
[2018.07.25-23.26.22:548][  0]LogTemp: Display: Loaded TP Android_PVRTCTargetPlatform
[2018.07.25-23.26.22:585][  0]LogTemp: Display: Loaded TP AndroidTargetPlatform
[2018.07.25-23.26.22:586][  0]LogTemp: Display: Loaded TP HTML5TargetPlatform
[2018.07.25-23.26.22:637][  0]LogTemp: Display: Loaded TP IOSTargetPlatform
[2018.07.25-23.26.22:649][  0]LogTemp: Display: Loaded TP TVOSTargetPlatform
[2018.07.25-23.26.22:661][  0]LogTemp: Display: Loaded TP LinuxClientTargetPlatform
[2018.07.25-23.26.22:673][  0]LogTemp: Display: Loaded TP LinuxNoEditorTargetPlatform
[2018.07.25-23.26.22:687][  0]LogTemp: Display: Loaded TP LinuxServerTargetPlatform
[2018.07.25-23.26.22:716][  0]LogTemp: Display: Loaded TP LinuxTargetPlatform
[2018.07.25-23.26.22:716][  0]LogTargetPlatformManager: Display: Building Assets For Windows
[2018.07.25-23.26.22:859][  0]LogXGEController: Cannot use XGE Controller as Incredibuild is not installed on this machine.
[2018.07.25-23.26.22:859][  0]LogShaderCompilers: Cannot use XGE Shader Compiler as Incredibuild is not installed on this machine.
[2018.07.25-23.26.22:859][  0]LogShaderCompilers: Display: Using Local Shader Compiler.
[2018.07.25-23.26.28:023][  0]LogDerivedDataCache: Display: Max Cache Size: 512 MB
[2018.07.25-23.26.30:362][  0]LogDerivedDataCache: Loaded boot cache 2.34s 74MB C:/Users/Alienware/AppData/Local/UnrealEngine/4.19/DerivedDataCache/Boot.ddc.
[2018.07.25-23.26.30:362][  0]LogDerivedDataCache: Display: Loaded Boot cache: C:/Users/Alienware/AppData/Local/UnrealEngine/4.19/DerivedDataCache/Boot.ddc
[2018.07.25-23.26.30:362][  0]LogDerivedDataCache: FDerivedDataBackendGraph:  Pak pak cache file ../../../../../../Users/Alienware/Documents/GitHub/DesktopLaptopShare/SideScrollerWithMatt/DerivedDataCache/DDC.ddp not found, will not use a pak cache.
[2018.07.25-23.26.30:362][  0]LogDerivedDataCache: Unable to find inner node Pak for hierarchical cache Hierarchy.
[2018.07.25-23.26.30:362][  0]LogDerivedDataCache: FDerivedDataBackendGraph:  CompressedPak pak cache file ../../../../../../Users/Alienware/Documents/GitHub/DesktopLaptopShare/SideScrollerWithMatt/DerivedDataCache/Compressed.ddp not found, will not use a pak cache.
[2018.07.25-23.26.30:362][  0]LogDerivedDataCache: Unable to find inner node CompressedPak for hierarchical cache Hierarchy.
[2018.07.25-23.26.30:378][  0]LogDerivedDataCache: Display: Pak cache opened for reading ../../../Engine/DerivedDataCache/Compressed.ddp.
[2018.07.25-23.26.30:390][  0]LogDerivedDataCache: Using Local data cache path C:/Users/Alienware/AppData/Local/UnrealEngine/Common/DerivedDataCache: Writable
[2018.07.25-23.26.30:390][  0]LogDerivedDataCache: Shared data cache path not found in *engine.ini, will not use an Shared cache.
[2018.07.25-23.26.30:390][  0]LogDerivedDataCache: Unable to find inner node Shared for hierarchical cache Hierarchy.
[2018.07.25-23.26.30:401][  0]LogMaterial: Verifying Global Shaders for PCD3D_SM5
[2018.07.25-23.26.30:401][  0]LogSlate: Using Freetype 2.6.0
[2018.07.25-23.26.30:426][  0]LogSlate: SlateFontCache - WITH_FREETYPE: 1, WITH_HARFBUZZ: 1
[2018.07.25-23.26.30:426][  0]LogSlate: SlateFontCache - WITH_FREETYPE: 1, WITH_HARFBUZZ: 1
[2018.07.25-23.26.31:603][  0]LogAssetRegistry: FAssetRegistry took 0.0419 seconds to start up
[2018.07.25-23.26.31:924][  0]LogInit: Selected Device Profile: [Windows]
[2018.07.25-23.26.32:087][  0]LogSimplygon: Simplygon DLL not present - disabling.
[2018.07.25-23.26.32:090][  0]LogMeshReduction: Using SimplygonSwarm for distributed automatic mesh merging
[2018.07.25-23.26.32:090][  0]LogMeshReduction: Using QuadricMeshReduction for automatic static mesh reduction
[2018.07.25-23.26.32:090][  0]LogMeshReduction: No automatic skeletal mesh reduction module available
[2018.07.25-23.26.32:090][  0]LogMeshReduction: No automatic mesh merging module available
[2018.07.25-23.26.32:090][  0]LogMeshMerging: No automatic mesh merging module available
[2018.07.25-23.26.32:122][  0]LogNetVersion: SideScrollerWithMatt , NetCL: 3944462, EngineNetVer: 2, GameNetVer: 0 (Checksum: 1310013577)
[2018.07.25-23.26.32:582][  0]LogPackageLocalizationCache: Processed 9 localized package path(s) for 2 prioritized culture(s) in 0.092136 seconds
[2018.07.25-23.26.32:588][  0]LogUObjectArray: 36728 objects as part of root set at end of initial load.
[2018.07.25-23.26.32:588][  0]LogUObjectAllocator: 7314304 out of 0 bytes used by permanent object pool.
[2018.07.25-23.26.32:588][  0]LogUObjectArray: CloseDisregardForGC: 0/0 objects in disregard for GC pool
[2018.07.25-23.26.54:978][  0]LogTcpMessaging: Initializing TcpMessaging bridge
[2018.07.25-23.26.55:014][  0]LogUdpMessaging: Initializing bridge on interface 0.0.0.0:0 to multicast group 230.0.0.1:6666.
[2018.07.25-23.26.55:849][  0]SourceControl: Source control is disabled
[2018.07.25-23.26.55:849][  0]SourceControl: Source control is disabled
[2018.07.25-23.26.55:870][  0]SourceControl: Source control is disabled
[2018.07.25-23.26.55:892][  0]SourceControl: Source control is disabled
[2018.07.25-23.26.56:564][  0]LogAndroidPermission: UAndroidPermissionCallbackProxy::GetInstance
[2018.07.25-23.26.56:746][  0]LogOcInput: OculusInput pre-init called
[2018.07.25-23.26.56:923][  0]LogEngine: Initializing Engine...
[2018.07.25-23.26.56:924][  0]LogHMD: Failed to initialize OpenVR with code 110
[2018.07.25-23.26.56:938][  0]LogStats: UGameplayTagsManager::ConstructGameplayTagTree: Construct from data asset -  0.000 s
[2018.07.25-23.26.56:938][  0]LogStats: UGameplayTagsManager::ConstructGameplayTagTree: GameplayTagTreeChangedEvent.Broadcast -  0.000 s
[2018.07.25-23.26.57:168][  0]LogAIModule: Creating AISystem for world Untitled
[2018.07.25-23.26.57:197][  0]LogInit: XAudio2 using 'E221-A1-4 (NVIDIA High Definition Audio)' : 2 channels at 48 kHz using 16 bits per sample (channel mask 0x3)
[2018.07.25-23.26.57:209][  0]LogInit: FAudioDevice initialized.
[2018.07.25-23.26.57:741][  0]LogDerivedDataCache: Saved boot cache 0.53s 74MB C:/Users/Alienware/AppData/Local/UnrealEngine/4.19/DerivedDataCache/Boot.ddc.
[2018.07.25-23.26.57:756][  0]LogInit: Texture streaming: Enabled
[2018.07.25-23.26.57:774][  0]LogEngineSessionManager: EngineSessionManager initialized
[2018.07.25-23.26.57:790][  0]LogInit: Transaction tracking system initialized
[2018.07.25-23.26.57:818][  0]BlueprintLog: New page: Editor Load
[2018.07.25-23.26.57:983][  0]LocalizationService: Localization service is disabled
[2018.07.25-23.26.58:164][  0]LogConsoleResponse: Display: 
[2018.07.25-23.26.58:330][  0]LogCook: Display: Max memory allowance for cook 16384mb min free memory 0mb
[2018.07.25-23.26.58:330][  0]LogCook: Display: Mobile HDR setting 1
[2018.07.25-23.26.58:330][  0]LogGameplayTags: Display: UGameplayTagsManager::DoneAddingNativeTags. DelegateIsBound: 0
[2018.07.25-23.26.58:330][  0]LogStats: UGameplayTagsManager::ConstructGameplayTagTree: Construct from data asset -  0.000 s
[2018.07.25-23.26.58:330][  0]LogStats: UGameplayTagsManager::ConstructGameplayTagTree: GameplayTagTreeChangedEvent.Broadcast -  0.000 s
[2018.07.25-23.26.59:263][  0]LogFileCache: Scanning file cache for directory 'C:/Users/Alienware/Documents/GitHub/DesktopLaptopShare/SideScrollerWithMatt/Content/' took 0.02s
[2018.07.25-23.26.59:271][  0]SourceControl: Source control is disabled
[2018.07.25-23.26.59:272][  0]LightingResults: New page: Lighting Build
[2018.07.25-23.26.59:275][  0]MapCheck: New page: Map Check
[2018.07.25-23.26.59:275][  0]LightingResults: New page: Lighting Build
[2018.07.25-23.26.59:330][  0]LogUObjectGlobals: Created PersistentFrame Addr=0x000002baa4441b00, Size=64, Default__ThirdPerson_AnimBP_C Function /Game/Mannequin/Animations/ThirdPerson_AnimBP.ThirdPerson_AnimBP_C:ExecuteUbergraph_ThirdPerson_AnimBP
[2018.07.25-23.26.59:341][  0]LogUObjectGlobals: Destroyed PersistentFrame Addr=0x000002baa4441b00, Size=64
[2018.07.25-23.26.59:341][  0]LogUObjectGlobals: Created PersistentFrame Addr=0x000002baa4441c40, Size=64, Default__ThirdPerson_AnimBP_C Function /Engine/Transient.REINST_ThirdPerson_AnimBP_C_0:ExecuteUbergraph_ThirdPerson_AnimBP
[2018.07.25-23.26.59:349][  0]LogUObjectGlobals: Created PersistentFrame Addr=0x000002ba939e4630, Size=72, Default__ThirdPerson_AnimBP_C Function /Game/Mannequin/Animations/ThirdPerson_AnimBP.ThirdPerson_AnimBP_C:ExecuteUbergraph_ThirdPerson_AnimBP
[2018.07.25-23.26.59:354][  0]LogUObjectGlobals: Created PersistentFrame Addr=0x000002baa4761990, Size=40, Default__Entity_C Function /Game/SideScrollerBP/Blueprints/Entity.Entity_C:ExecuteUbergraph_Entity
[2018.07.25-23.26.59:355][  0]LogUObjectGlobals: Created PersistentFrame Addr=0x000002ba939f3880, Size=288, Default__Attack_Test_C Function /Game/Assets/2D/Attacks/Attack_Test.Attack_Test_C:ExecuteUbergraph_Attack_Test
[2018.07.25-23.26.59:390][  0]LogUObjectGlobals: Created PersistentFrame Addr=0x000002ba939f6cb0, Size=12, Default__Death_Test_C Function /Game/Assets/2D/Attacks/Death_Test.Death_Test_C:ExecuteUbergraph_Death_Test
[2018.07.25-23.26.59:400][  0]LogUObjectGlobals: Destroyed PersistentFrame Addr=0x000002ba939f3880, Size=288
[2018.07.25-23.26.59:400][  0]LogUObjectGlobals: Created PersistentFrame Addr=0x000002ba939f3880, Size=288, Default__Attack_Test_C Function /Engine/Transient.REINST_Attack_Test_C_4:ExecuteUbergraph_Attack_Test
[2018.07.25-23.26.59:400][  0]LogUObjectGlobals: Destroyed PersistentFrame Addr=0x000002ba939f6cb0, Size=12
[2018.07.25-23.26.59:400][  0]LogUObjectGlobals: Created PersistentFrame Addr=0x000002ba939f6cb0, Size=12, Default__Death_Test_C Function /Engine/Transient.REINST_Death_Test_C_5:ExecuteUbergraph_Death_Test
[2018.07.25-23.26.59:401][  0]LogUObjectGlobals: Destroyed PersistentFrame Addr=0x000002baa4761990, Size=40
[2018.07.25-23.26.59:401][  0]LogUObjectGlobals: Created PersistentFrame Addr=0x000002baa4761990, Size=40, Default__Entity_C Function /Engine/Transient.REINST_Entity_C_6:ExecuteUbergraph_Entity
[2018.07.25-23.26.59:408][  0]LogUObjectGlobals: Created PersistentFrame Addr=0x000002ba939f1440, Size=288, Default__Attack_Test_C Function /Game/Assets/2D/Attacks/Attack_Test.Attack_Test_C:ExecuteUbergraph_Attack_Test
[2018.07.25-23.26.59:408][  0]LogUObjectGlobals: Created PersistentFrame Addr=0x000002baa727b8c0, Size=12, Default__Death_Test_C Function /Game/Assets/2D/Attacks/Death_Test.Death_Test_C:ExecuteUbergraph_Death_Test
[2018.07.25-23.26.59:410][  0]LogUObjectGlobals: Created PersistentFrame Addr=0x000002baa4760360, Size=40, Default__Entity_C Function /Game/SideScrollerBP/Blueprints/Entity.Entity_C:ExecuteUbergraph_Entity
[2018.07.25-23.26.59:444][  0]LogUObjectGlobals: Created PersistentFrame Addr=0x000002ba82441740, Size=8, Default__Enemy_C Function /Game/SideScrollerBP/Blueprints/Enemy.Enemy_C:ExecuteUbergraph_Enemy
[2018.07.25-23.26.59:444][  0]LogUObjectGlobals: Created PersistentFrame Addr=0x000002baa4760518, Size=40, Default__Enemy_C Function /Game/SideScrollerBP/Blueprints/Entity.Entity_C:ExecuteUbergraph_Entity
[2018.07.25-23.26.59:446][  0]LogUObjectGlobals: Destroyed PersistentFrame Addr=0x000002ba82441740, Size=8
[2018.07.25-23.26.59:446][  0]LogUObjectGlobals: Destroyed PersistentFrame Addr=0x000002baa4760518, Size=40
[2018.07.25-23.26.59:446][  0]LogUObjectGlobals: Created PersistentFrame Addr=0x000002ba82441740, Size=8, Default__Enemy_C Function /Engine/Transient.REINST_Enemy_C_10:ExecuteUbergraph_Enemy
[2018.07.25-23.26.59:446][  0]LogUObjectGlobals: Created PersistentFrame Addr=0x000002baa720bf38, Size=40, Default__Enemy_C Function /Game/SideScrollerBP/Blueprints/Entity.Entity_C:ExecuteUbergraph_Entity
[2018.07.25-23.26.59:448][  0]LogUObjectGlobals: Created PersistentFrame Addr=0x000002ba82441698, Size=8, Default__Enemy_C Function /Game/SideScrollerBP/Blueprints/Enemy.Enemy_C:ExecuteUbergraph_Enemy
[2018.07.25-23.26.59:448][  0]LogUObjectGlobals: Created PersistentFrame Addr=0x000002baa720bd80, Size=40, Default__Enemy_C Function /Game/SideScrollerBP/Blueprints/Entity.Entity_C:ExecuteUbergraph_Entity
[2018.07.25-23.26.59:455][  0]LogUObjectGlobals: Created PersistentFrame Addr=0x000002baa7232bc0, Size=192, Default__Player_C Function /Game/SideScrollerBP/Blueprints/Player.Player_C:ExecuteUbergraph_Player
[2018.07.25-23.26.59:455][  0]LogUObjectGlobals: Created PersistentFrame Addr=0x000002baa720bd08, Size=40, Default__Player_C Function /Game/SideScrollerBP/Blueprints/Entity.Entity_C:ExecuteUbergraph_Entity
[2018.07.25-23.26.59:470][  0]LogUObjectGlobals: Destroyed PersistentFrame Addr=0x000002baa7232bc0, Size=192
[2018.07.25-23.26.59:470][  0]LogUObjectGlobals: Destroyed PersistentFrame Addr=0x000002baa720bd08, Size=40
[2018.07.25-23.26.59:470][  0]LogUObjectGlobals: Created PersistentFrame Addr=0x000002baa7232bc0, Size=192, Default__Player_C Function /Engine/Transient.REINST_Player_C_12:ExecuteUbergraph_Player
[2018.07.25-23.26.59:470][  0]LogUObjectGlobals: Created PersistentFrame Addr=0x000002baa720bd08, Size=40, Default__Player_C Function /Game/SideScrollerBP/Blueprints/Entity.Entity_C:ExecuteUbergraph_Entity
[2018.07.25-23.26.59:470][  0]LogUObjectGlobals: Created PersistentFrame Addr=0x000002baa7233b80, Size=192, Default__Player_C Function /Game/SideScrollerBP/Blueprints/Player.Player_C:ExecuteUbergraph_Player
[2018.07.25-23.26.59:470][  0]LogUObjectGlobals: Created PersistentFrame Addr=0x000002baa720b588, Size=40, Default__Player_C Function /Game/SideScrollerBP/Blueprints/Entity.Entity_C:ExecuteUbergraph_Entity
[2018.07.25-23.26.59:472][  0]LogUObjectGlobals: Destroyed PersistentFrame Addr=0x000002baa7233b80, Size=192
[2018.07.25-23.26.59:472][  0]LogUObjectGlobals: Destroyed PersistentFrame Addr=0x000002baa720b588, Size=40
[2018.07.25-23.26.59:472][  0]LogUObjectGlobals: Created PersistentFrame Addr=0x000002baa7233b80, Size=192, Default__Player_C Function /Engine/Transient.REINST_Player_C_13:ExecuteUbergraph_Player
[2018.07.25-23.26.59:472][  0]LogUObjectGlobals: Created PersistentFrame Addr=0x000002baa720b588, Size=40, Default__Player_C Function /Game/SideScrollerBP/Blueprints/Entity.Entity_C:ExecuteUbergraph_Entity
[2018.07.25-23.26.59:477][  0]LogUObjectGlobals: Created PersistentFrame Addr=0x000002baa7ed42c0, Size=200, Default__Player_C Function /Game/SideScrollerBP/Blueprints/Player.Player_C:ExecuteUbergraph_Player
[2018.07.25-23.26.59:477][  0]LogUObjectGlobals: Created PersistentFrame Addr=0x000002baa720bc68, Size=40, Default__Player_C Function /Game/SideScrollerBP/Blueprints/Entity.Entity_C:ExecuteUbergraph_Entity
[2018.07.25-23.27.01:348][  0]LogAIModule: Creating AISystem for world SideScrollerExampleMap
[2018.07.25-23.27.01:356][  0]LogEditorServer: Finished looking for orphan Actors (0.000 secs)
[2018.07.25-23.27.01:371][  0]LogUObjectGlobals: Destroyed PersistentFrame Addr=0x000002baa4441c40, Size=64
[2018.07.25-23.27.01:371][  0]LogUObjectGlobals: Destroyed PersistentFrame Addr=0x000002baa4761990, Size=40
[2018.07.25-23.27.01:371][  0]LogUObjectGlobals: Destroyed PersistentFrame Addr=0x000002ba939f3880, Size=288
[2018.07.25-23.27.01:371][  0]LogUObjectGlobals: Destroyed PersistentFrame Addr=0x000002ba939f6cb0, Size=12
[2018.07.25-23.27.01:371][  0]LogUObjectGlobals: Destroyed PersistentFrame Addr=0x000002ba82441740, Size=8
[2018.07.25-23.27.01:371][  0]LogUObjectGlobals: Destroyed PersistentFrame Addr=0x000002baa720bf38, Size=40
[2018.07.25-23.27.01:372][  0]LogUObjectGlobals: Destroyed PersistentFrame Addr=0x000002baa7232bc0, Size=192
[2018.07.25-23.27.01:372][  0]LogUObjectGlobals: Destroyed PersistentFrame Addr=0x000002baa720bd08, Size=40
[2018.07.25-23.27.01:372][  0]LogUObjectGlobals: Destroyed PersistentFrame Addr=0x000002baa7233b80, Size=192
[2018.07.25-23.27.01:372][  0]LogUObjectGlobals: Destroyed PersistentFrame Addr=0x000002baa720b588, Size=40
[2018.07.25-23.27.01:373][  0]Cmd: MAP CHECKDEP NOCLEARLOG
[2018.07.25-23.27.01:436][  0]MapCheck: Map check complete: 0 Error(s), 0 Warning(s), took 62.279ms to complete.
[2018.07.25-23.27.01:436][  0]LogFileHelpers: Loading map 'SideScrollerExampleMap' took 2.164
[2018.07.25-23.27.01:642][  0]LogCollectionManager: Loaded 0 collections in 0.002188 seconds
[2018.07.25-23.27.01:695][  0]LogFileCache: Scanning file cache for directory 'C:/Users/Alienware/Documents/GitHub/DesktopLaptopShare/SideScrollerWithMatt/Saved/Collections/' took 0.01s
[2018.07.25-23.27.01:695][  0]LogFileCache: Scanning file cache for directory 'C:/Users/Alienware/Documents/GitHub/DesktopLaptopShare/SideScrollerWithMatt/Content/Developers/Alienware/Collections/' took 0.01s
[2018.07.25-23.27.01:695][  0]LogFileCache: Scanning file cache for directory 'C:/Users/Alienware/Documents/GitHub/DesktopLaptopShare/SideScrollerWithMatt/Content/Collections/' took 0.01s
[2018.07.25-23.27.01:695][  0]LogCollectionManager: Rebuilt the GUID cache for 0 collections in 0.000000 seconds
[2018.07.25-23.27.01:707][  0]LogContentBrowser: Native class hierarchy populated in 0.0118 seconds. Added 2452 classes and 558 folders.
[2018.07.25-23.27.01:715][  0]LogContentBrowser: Native class hierarchy updated for 'WidgetCarousel' in 0.0002 seconds. Added 0 classes and 0 folders.
[2018.07.25-23.27.02:587][  0]LogContentBrowser: Native class hierarchy updated for 'AddContentDialog' in 0.0002 seconds. Added 0 classes and 0 folders.
[2018.07.25-23.27.02:592][  0]LogContentBrowser: Native class hierarchy updated for 'SceneOutliner' in 0.0002 seconds. Added 1 classes and 2 folders.
[2018.07.25-23.27.02:680][  0]LogSlate: Took 0.000186 seconds to synchronously load lazily loaded font '../../../Engine/Content/Slate/Fonts/Roboto-Regular.ttf' (155K)
[2018.07.25-23.27.02:682][  0]LogSlate: Took 0.000169 seconds to synchronously load lazily loaded font '../../../Engine/Content/Slate/Fonts/Roboto-Bold.ttf' (160K)
[2018.07.25-23.27.02:728][  0]LogSlate: Took 0.041949 seconds to synchronously load lazily loaded font '../../../Engine/Content/Editor/Slate/Fonts/FontAwesome.ttf' (139K)
[2018.07.25-23.27.02:846][  0]LogRenderer: Reallocating scene render targets to support 968x600 Format 10 NumSamples 1 (Frame:1).
[2018.07.25-23.27.02:984][  0]LogContentBrowser: Native class hierarchy updated for 'HierarchicalLODOutliner' in 0.0003 seconds. Added 0 classes and 0 folders.
[2018.07.25-23.27.02:984][  0]LogLoad: (Engine Initialization) Total time: 44.85 seconds
[2018.07.25-23.27.02:984][  0]LogLoad: (Engine Initialization) Total Blueprint compile time: 0.00 seconds
[2018.07.25-23.27.02:994][  0]LogWindowsTextInputMethodSystem: Display: IME system now deactivated.
[2018.07.25-23.27.03:014][  0]LogContentStreaming: Texture pool size now 3000 MB
[2018.07.25-23.27.03:134][  0]LogSlate: Took 0.000233 seconds to synchronously load lazily loaded font '../../../Engine/Content/Slate/Fonts/Roboto-Light.ttf' (167K)
[2018.07.25-23.27.03:150][  1]LogAssetRegistry: Asset discovery search completed in 31.5697 seconds
[2018.07.25-23.27.03:153][  1]LogCollectionManager: Rebuilt the object cache for 0 collections in 0.000000 seconds (found 0 objects)
[2018.07.25-23.27.03:153][  1]LogCollectionManager: Fixed up redirectors for 0 collections in 0.000059 seconds (updated 0 objects)
[2018.07.25-23.27.11:430][958]LogSlate: FSceneViewport::OnFocusLost() reason 0
[2018.07.25-23.27.11:448][958]LogSlate: Window 'Message Log' being destroyed
[2018.07.25-23.27.11:468][958]LogSlate: Window 'Message Log' being destroyed
[2018.07.25-23.27.12:012][ 23]LogSlate: FSceneViewport::OnFocusLost() reason 0
[2018.07.25-23.27.12:071][ 30]LogTemp: Repeating last play command: New Editor Window (PIE)
[2018.07.25-23.27.12:123][ 30]LogBlueprintUserMessages: Early PlayInEditor Detection: Level '/Game/SideScrollerBP/Maps/SideScrollerExampleMap.SideScrollerExampleMap:PersistentLevel' has LevelScriptBlueprint '/Game/SideScrollerBP/Maps/SideScrollerExampleMap.SideScrollerExampleMap:PersistentLevel.SideScrollerExampleMap' with GeneratedClass '/Game/SideScrollerBP/Maps/SideScrollerExampleMap.SideScrollerExampleMap_C' with ClassGeneratedBy '/Game/SideScrollerBP/Maps/SideScrollerExampleMap.SideScrollerExampleMap:PersistentLevel.SideScrollerExampleMap'
[2018.07.25-23.27.12:141][ 30]LogPlayLevel: PlayLevel: No blueprints needed recompiling
[2018.07.25-23.27.12:213][ 30]PIE: New page: PIE session: SideScrollerExampleMap (Jul 25, 2018, 9:27:12 AM)
[2018.07.25-23.27.12:214][ 30]LogPlayLevel: Creating play world package: /Game/SideScrollerBP/Maps/UEDPIE_0_SideScrollerExampleMap
[2018.07.25-23.27.12:330][ 30]LogPlayLevel: PIE: StaticDuplicateObject took: (0.116784s)
[2018.07.25-23.27.12:330][ 30]LogAIModule: Creating AISystem for world SideScrollerExampleMap
[2018.07.25-23.27.12:331][ 30]LogPlayLevel: PIE: World Init took: (0.000663s)
[2018.07.25-23.27.12:331][ 30]LogPlayLevel: PIE: Created PIE world by copying editor world from /Game/SideScrollerBP/Maps/SideScrollerExampleMap.SideScrollerExampleMap to /Game/SideScrollerBP/Maps/UEDPIE_0_SideScrollerExampleMap.SideScrollerExampleMap (0.117618s)
[2018.07.25-23.27.12:349][ 30]LogInit: XAudio2 using 'E221-A1-4 (NVIDIA High Definition Audio)' : 2 channels at 48 kHz using 16 bits per sample (channel mask 0x3)
[2018.07.25-23.27.12:358][ 30]LogInit: FAudioDevice initialized.
[2018.07.25-23.27.12:484][ 30]LogLoad: Game class is 'SideScrollerGameMode_C'
[2018.07.25-23.27.12:542][ 30]LogWorld: Bringing World /Game/SideScrollerBP/Maps/UEDPIE_0_SideScrollerExampleMap.SideScrollerExampleMap up for play (max tick rate 0) at 2018.07.25-16.27.12
[2018.07.25-23.27.12:740][ 30]LogWorld: Bringing up level for play took: 0.217630
[2018.07.25-23.27.12:787][ 30]LogContentBrowser: Native class hierarchy updated for 'MovieSceneCapture' in 0.0004 seconds. Added 11 classes and 0 folders.
[2018.07.25-23.27.12:825][ 30]PIE: Play in editor start time for /Game/SideScrollerBP/Maps/UEDPIE_0_SideScrollerExampleMap -0.23
[2018.07.25-23.27.12:830][ 30]LogBlueprintUserMessages: Late PlayInEditor Detection: Level '/Game/SideScrollerBP/Maps/SideScrollerExampleMap.SideScrollerExampleMap:PersistentLevel' has LevelScriptBlueprint '/Game/SideScrollerBP/Maps/SideScrollerExampleMap.SideScrollerExampleMap:PersistentLevel.SideScrollerExampleMap' with GeneratedClass '/Game/SideScrollerBP/Maps/SideScrollerExampleMap.SideScrollerExampleMap_C' with ClassGeneratedBy '/Game/SideScrollerBP/Maps/SideScrollerExampleMap.SideScrollerExampleMap:PersistentLevel.SideScrollerExampleMap'
[2018.07.25-23.27.12:921][ 30]LogRenderer: Reallocating scene render targets to support 1292x756 Format 10 NumSamples 1 (Frame:1).
[2018.07.25-23.27.20:114][842]LogBlueprintUserMessages: Early EndPlayMap Detection: Level '/Game/SideScrollerBP/Maps/SideScrollerExampleMap.SideScrollerExampleMap:PersistentLevel' has LevelScriptBlueprint '/Game/SideScrollerBP/Maps/SideScrollerExampleMap.SideScrollerExampleMap:PersistentLevel.SideScrollerExampleMap' with GeneratedClass '/Game/SideScrollerBP/Maps/SideScrollerExampleMap.SideScrollerExampleMap_C' with ClassGeneratedBy '/Game/SideScrollerBP/Maps/SideScrollerExampleMap.SideScrollerExampleMap:PersistentLevel.SideScrollerExampleMap'
[2018.07.25-23.27.20:209][842]LogSlate: Window 'SideScrollerWithMatt Game Preview Standalone (64-bit/PCD3D_SM5)' being destroyed
[2018.07.25-23.27.20:307][842]LogBlueprintUserMessages: Late EndPlayMap Detection: Level '/Game/SideScrollerBP/Maps/SideScrollerExampleMap.SideScrollerExampleMap:PersistentLevel' has LevelScriptBlueprint '/Game/SideScrollerBP/Maps/SideScrollerExampleMap.SideScrollerExampleMap:PersistentLevel.SideScrollerExampleMap' with GeneratedClass '/Game/SideScrollerBP/Maps/SideScrollerExampleMap.SideScrollerExampleMap_C' with ClassGeneratedBy '/Game/SideScrollerBP/Maps/SideScrollerExampleMap.SideScrollerExampleMap:PersistentLevel.SideScrollerExampleMap'
[2018.07.25-23.29.12:682][301]LogTemp: Repeating last play command: New Editor Window (PIE)
[2018.07.25-23.29.12:707][301]LogBlueprintUserMessages: Early PlayInEditor Detection: Level '/Game/SideScrollerBP/Maps/SideScrollerExampleMap.SideScrollerExampleMap:PersistentLevel' has LevelScriptBlueprint '/Game/SideScrollerBP/Maps/SideScrollerExampleMap.SideScrollerExampleMap:PersistentLevel.SideScrollerExampleMap' with GeneratedClass '/Game/SideScrollerBP/Maps/SideScrollerExampleMap.SideScrollerExampleMap_C' with ClassGeneratedBy '/Game/SideScrollerBP/Maps/SideScrollerExampleMap.SideScrollerExampleMap:PersistentLevel.SideScrollerExampleMap'
[2018.07.25-23.29.12:707][301]LogPlayLevel: PlayLevel: No blueprints needed recompiling
[2018.07.25-23.29.12:707][301]PIE: New page: PIE session: SideScrollerExampleMap (Jul 25, 2018, 9:29:12 AM)
[2018.07.25-23.29.12:707][301]LogPlayLevel: Creating play world package: /Game/SideScrollerBP/Maps/UEDPIE_0_SideScrollerExampleMap
[2018.07.25-23.29.12:723][301]LogPlayLevel: PIE: StaticDuplicateObject took: (0.015998s)
[2018.07.25-23.29.12:724][301]LogAIModule: Creating AISystem for world SideScrollerExampleMap
[2018.07.25-23.29.12:725][301]LogPlayLevel: PIE: World Init took: (0.001198s)
[2018.07.25-23.29.12:725][301]LogPlayLevel: PIE: Created PIE world by copying editor world from /Game/SideScrollerBP/Maps/SideScrollerExampleMap.SideScrollerExampleMap to /Game/SideScrollerBP/Maps/UEDPIE_0_SideScrollerExampleMap.SideScrollerExampleMap (0.017436s)
[2018.07.25-23.29.12:747][301]LogInit: XAudio2 using 'E221-A1-4 (NVIDIA High Definition Audio)' : 2 channels at 48 kHz using 16 bits per sample (channel mask 0x3)
[2018.07.25-23.29.12:756][301]LogInit: FAudioDevice initialized.
[2018.07.25-23.29.12:805][301]LogLoad: Game class is 'SideScrollerGameMode_C'
[2018.07.25-23.29.12:810][301]LogWorld: Bringing World /Game/SideScrollerBP/Maps/UEDPIE_0_SideScrollerExampleMap.SideScrollerExampleMap up for play (max tick rate 0) at 2018.07.25-16.29.12
[2018.07.25-23.29.12:811][301]LogWorld: Bringing up level for play took: 0.004130
[2018.07.25-23.29.12:817][301]PIE: Play in editor start time for /Game/SideScrollerBP/Maps/UEDPIE_0_SideScrollerExampleMap -0.238
[2018.07.25-23.29.12:838][301]LogBlueprintUserMessages: Late PlayInEditor Detection: Level '/Game/SideScrollerBP/Maps/SideScrollerExampleMap.SideScrollerExampleMap:PersistentLevel' has LevelScriptBlueprint '/Game/SideScrollerBP/Maps/SideScrollerExampleMap.SideScrollerExampleMap:PersistentLevel.SideScrollerExampleMap' with GeneratedClass '/Game/SideScrollerBP/Maps/SideScrollerExampleMap.SideScrollerExampleMap_C' with ClassGeneratedBy '/Game/SideScrollerBP/Maps/SideScrollerExampleMap.SideScrollerExampleMap:PersistentLevel.SideScrollerExampleMap'
[2018.07.25-23.29.35:189][967]LogBlueprintUserMessages: Early EndPlayMap Detection: Level '/Game/SideScrollerBP/Maps/SideScrollerExampleMap.SideScrollerExampleMap:PersistentLevel' has LevelScriptBlueprint '/Game/SideScrollerBP/Maps/SideScrollerExampleMap.SideScrollerExampleMap:PersistentLevel.SideScrollerExampleMap' with GeneratedClass '/Game/SideScrollerBP/Maps/SideScrollerExampleMap.SideScrollerExampleMap_C' with ClassGeneratedBy '/Game/SideScrollerBP/Maps/SideScrollerExampleMap.SideScrollerExampleMap:PersistentLevel.SideScrollerExampleMap'
[2018.07.25-23.29.35:215][967]LogSlate: Window 'SideScrollerWithMatt Game Preview Standalone (64-bit/PCD3D_SM5)' being destroyed
[2018.07.25-23.29.35:247][967]LogBlueprintUserMessages: Late EndPlayMap Detection: Level '/Game/SideScrollerBP/Maps/SideScrollerExampleMap.SideScrollerExampleMap:PersistentLevel' has LevelScriptBlueprint '/Game/SideScrollerBP/Maps/SideScrollerExampleMap.SideScrollerExampleMap:PersistentLevel.SideScrollerExampleMap' with GeneratedClass '/Game/SideScrollerBP/Maps/SideScrollerExampleMap.SideScrollerExampleMap_C' with ClassGeneratedBy '/Game/SideScrollerBP/Maps/SideScrollerExampleMap.SideScrollerExampleMap:PersistentLevel.SideScrollerExampleMap'
[2018.07.25-23.29.53:233][117]LogTemp: Repeating last play command: New Editor Window (PIE)
[2018.07.25-23.29.53:256][117]LogBlueprintUserMessages: Early PlayInEditor Detection: Level '/Game/SideScrollerBP/Maps/SideScrollerExampleMap.SideScrollerExampleMap:PersistentLevel' has LevelScriptBlueprint '/Game/SideScrollerBP/Maps/SideScrollerExampleMap.SideScrollerExampleMap:PersistentLevel.SideScrollerExampleMap' with GeneratedClass '/Game/SideScrollerBP/Maps/SideScrollerExampleMap.SideScrollerExampleMap_C' with ClassGeneratedBy '/Game/SideScrollerBP/Maps/SideScrollerExampleMap.SideScrollerExampleMap:PersistentLevel.SideScrollerExampleMap'
[2018.07.25-23.29.53:256][117]LogPlayLevel: PlayLevel: No blueprints needed recompiling
[2018.07.25-23.29.53:256][117]PIE: New page: PIE session: SideScrollerExampleMap (Jul 25, 2018, 9:29:53 AM)
[2018.07.25-23.29.53:256][117]LogPlayLevel: Creating play world package: /Game/SideScrollerBP/Maps/UEDPIE_0_SideScrollerExampleMap
[2018.07.25-23.29.53:273][117]LogPlayLevel: PIE: StaticDuplicateObject took: (0.016182s)
[2018.07.25-23.29.53:273][117]LogAIModule: Creating AISystem for world SideScrollerExampleMap
[2018.07.25-23.29.53:274][117]LogPlayLevel: PIE: World Init took: (0.001054s)
[2018.07.25-23.29.53:274][117]LogPlayLevel: PIE: Created PIE world by copying editor world from /Game/SideScrollerBP/Maps/SideScrollerExampleMap.SideScrollerExampleMap to /Game/SideScrollerBP/Maps/UEDPIE_0_SideScrollerExampleMap.SideScrollerExampleMap (0.017425s)
[2018.07.25-23.29.53:295][117]LogInit: XAudio2 using 'E221-A1-4 (NVIDIA High Definition Audio)' : 2 channels at 48 kHz using 16 bits per sample (channel mask 0x3)
[2018.07.25-23.29.53:304][117]LogInit: FAudioDevice initialized.
[2018.07.25-23.29.53:347][117]LogLoad: Game class is 'SideScrollerGameMode_C'
[2018.07.25-23.29.53:349][117]LogWorld: Bringing World /Game/SideScrollerBP/Maps/UEDPIE_0_SideScrollerExampleMap.SideScrollerExampleMap up for play (max tick rate 0) at 2018.07.25-16.29.53
[2018.07.25-23.29.53:350][117]LogWorld: Bringing up level for play took: 0.002469
[2018.07.25-23.29.53:354][117]PIE: Play in editor start time for /Game/SideScrollerBP/Maps/UEDPIE_0_SideScrollerExampleMap 0.3
[2018.07.25-23.29.53:355][117]LogBlueprintUserMessages: Late PlayInEditor Detection: Level '/Game/SideScrollerBP/Maps/SideScrollerExampleMap.SideScrollerExampleMap:PersistentLevel' has LevelScriptBlueprint '/Game/SideScrollerBP/Maps/SideScrollerExampleMap.SideScrollerExampleMap:PersistentLevel.SideScrollerExampleMap' with GeneratedClass '/Game/SideScrollerBP/Maps/SideScrollerExampleMap.SideScrollerExampleMap_C' with ClassGeneratedBy '/Game/SideScrollerBP/Maps/SideScrollerExampleMap.SideScrollerExampleMap:PersistentLevel.SideScrollerExampleMap'
[2018.07.25-23.30.10:573][169]LogBlueprintUserMessages: Early EndPlayMap Detection: Level '/Game/SideScrollerBP/Maps/SideScrollerExampleMap.SideScrollerExampleMap:PersistentLevel' has LevelScriptBlueprint '/Game/SideScrollerBP/Maps/SideScrollerExampleMap.SideScrollerExampleMap:PersistentLevel.SideScrollerExampleMap' with GeneratedClass '/Game/SideScrollerBP/Maps/SideScrollerExampleMap.SideScrollerExampleMap_C' with ClassGeneratedBy '/Game/SideScrollerBP/Maps/SideScrollerExampleMap.SideScrollerExampleMap:PersistentLevel.SideScrollerExampleMap'
[2018.07.25-23.30.10:596][169]LogSlate: Window 'SideScrollerWithMatt Game Preview Standalone (64-bit/PCD3D_SM5)' being destroyed
[2018.07.25-23.30.10:628][169]LogBlueprintUserMessages: Late EndPlayMap Detection: Level '/Game/SideScrollerBP/Maps/SideScrollerExampleMap.SideScrollerExampleMap:PersistentLevel' has LevelScriptBlueprint '/Game/SideScrollerBP/Maps/SideScrollerExampleMap.SideScrollerExampleMap:PersistentLevel.SideScrollerExampleMap' with GeneratedClass '/Game/SideScrollerBP/Maps/SideScrollerExampleMap.SideScrollerExampleMap_C' with ClassGeneratedBy '/Game/SideScrollerBP/Maps/SideScrollerExampleMap.SideScrollerExampleMap:PersistentLevel.SideScrollerExampleMap'
[2018.07.26-00.32.16:675][ 62]LogSlate: Took 0.035233 seconds to synchronously load lazily loaded font '../../../Engine/Content/Slate/Fonts/DroidSansMono.ttf' (77K)
